#
# A fatal error has been detected by the Java Runtime Environment:
#
#  EXCEPTION_ACCESS_VIOLATION (0xc0000005) at pc=0x00007ffaeab08826, pid=6540, tid=12444
#
# JRE version: OpenJDK Runtime Environment (11.0.8+10) (build 11.0.8+10-b944.6842174)
# Java VM: OpenJDK 64-Bit Server VM (11.0.8+10-b944.6842174, mixed mode, tiered, compressed oops, g1 gc, windows-amd64)
# Problematic frame:
# V  [jvm.dll+0x188826]
#
# No core dump will be written. Minidumps are not enabled by default on client versions of Windows
#
# If you would like to submit a bug report, please visit:
#   https://bugreport.java.com/bugreport/crash.jsp
#

---------------  S U M M A R Y ------------

Command Line: --add-opens=java.base/java.util=ALL-UNNAMED --add-opens=java.base/java.lang=ALL-UNNAMED --add-opens=java.base/java.lang.invoke=ALL-UNNAMED --add-opens=java.prefs/java.util.prefs=ALL-UNNAMED -Xmx1536M -Dfile.encoding=windows-1252 -Duser.country=US -Duser.language=en -Duser.variant org.gradle.launcher.daemon.bootstrap.GradleDaemon 6.5

Host: Intel(R) Core(TM) i5-3210M CPU @ 2.50GHz, 4 cores, 3G,  Windows 10 , 64 bit Build 19041 (10.0.19041.1202)
Time: Sun Oct 10 13:07:00 2021 Bangladesh Standard Time elapsed time: 140 seconds (0d 0h 2m 20s)

---------------  T H R E A D  ---------------

Current thread (0x0000019edf6dd000):  ConcurrentGCThread "G1 Conc#0" [stack: 0x0000001fa8e00000,0x0000001fa8f00000] [id=12444]

Stack: [0x0000001fa8e00000,0x0000001fa8f00000],  sp=0x0000001fa8eff558,  free space=1021k
Native frames: (J=compiled Java code, j=interpreted, Vv=VM code, C=native code)
V  [jvm.dll+0x188826]


siginfo: EXCEPTION_ACCESS_VIOLATION (0xc0000005), reading address 0x0000000104332600


Register to memory mapping:

RIP=0x00007ffaeab08826 jvm.dll
RAX=0x0880200080000001 is an unknown value
RBX=
[error occurred during error reporting (printing register info), id 0xc0000005, EXCEPTION_ACCESS_VIOLATION (0xc0000005) at pc=0x00007ffaeab08826]

Registers:
RAX=0x0880200080000001, RBX=0x00000000a43bffc8, RCX=0x00000000a43bffc8, RDX=0x00000000a43bffc8
RSP=0x0000001fa8eff558, RBP=0x0000019edf6d4b00, RSI=0x0000000000000001, RDI=0x0000000000000000
R8 =0x0880200080000000, R9 =0x00000001043325f8, R10=0x0000019edf6d4b00, R11=0x0000019ef4120000
R12=0x000000000000000c, R13=0xaaaaaaaaaaaaaaab, R14=0x0000000000000000, R15=0x00000000a43bffd8
RIP=0x00007ffaeab08826, EFLAGS=0x0000000000010202

Top of Stack: (sp=0x0000001fa8eff558)
0x0000001fa8eff558:   00007ffaeac579ba 00000000a43bffc8
0x0000001fa8eff568:   0000000100009af0 0000019edf6ab600
0x0000001fa8eff578:   0000000000000001 0000000100009af8
0x0000001fa8eff588:   00007ffaeac57866 0000000100009af0
0x0000001fa8eff598:   00000000a43bffc8 0000019edf6dea60
0x0000001fa8eff5a8:   0000001fa8eff798 0000000000000000
0x0000001fa8eff5b8:   0000001fa8eff798 00000000a43c0024
0x0000001fa8eff5c8:   00007ffaeac4f76d 00000000a43bffb8
0x0000001fa8eff5d8:   00000000a43c001c 00000000a43bffd8
0x0000001fa8eff5e8:   00000000a43c00a0 0000001fa8eff770
0x0000001fa8eff5f8:   0000019edf6dd501 0000000100009650
0x0000001fa8eff608:   00007ffaeac4f021 000000000000000a
0x0000001fa8eff618:   0000001fa8eff798 00000000a43bffd8
0x0000001fa8eff628:   0000001fa8eff770 00000000a43bffd8
0x0000001fa8eff638:   00007ffaeac5d3ff 0000019edf6dea60
0x0000001fa8eff648:   00000000008a0000 0000000000000000 

Instructions: (pc=0x00007ffaeab08826)
0x00007ffaeab08726:   81 00 48 d3 e0 48 03 05 5e 43 81 00 eb 04 48 8b
0x00007ffaeab08736:   43 08 81 78 08 00 00 00 c0 73 7d 48 8b 4f 38 48
0x00007ffaeab08746:   8b d3 48 8b 01 ff 50 20 84 c0 75 6c 38 05 97 cb
0x00007ffaeab08756:   85 00 74 15 8b 53 08 8b 0d 35 43 81 00 48 d3 e2
0x00007ffaeab08766:   48 03 15 23 43 81 00 eb 04 48 8b 53 08 48 8b cb
0x00007ffaeab08776:   48 89 5c 24 20 e8 a0 00 00 00 80 7f 30 00 48 63
0x00007ffaeab08786:   c8 48 89 4c 24 28 0f 28 44 24 20 74 17 0f 11 86
0x00007ffaeab08796:   90 03 00 00 48 8b 5c 24 40 48 8b 74 24 48 48 83
0x00007ffaeab087a6:   c4 30 5f c3 48 8b 07 48 8d 54 24 20 48 8b cf 66
0x00007ffaeab087b6:   0f 7f 44 24 20 ff 50 38 48 8b 5c 24 40 48 8b 74
0x00007ffaeab087c6:   24 48 48 83 c4 30 5f c3 cc cc 48 8b 49 38 48 8b
0x00007ffaeab087d6:   01 48 ff 60 28 cc cc cc cc cc 80 3d 08 cb 85 00
0x00007ffaeab087e6:   00 48 8b c1 74 1b 8b 51 08 8b 0d a3 42 81 00 48
0x00007ffaeab087f6:   d3 e2 48 8b c8 48 03 15 8e 42 81 00 e9 19 00 00
0x00007ffaeab08806:   00 48 8b 51 08 48 8b c8 e9 0d 00 00 00 cc cc cc
0x00007ffaeab08816:   cc cc cc cc cc cc cc cc cc cc 4c 8b ca 48 8b d1
0x00007ffaeab08826:   45 8b 41 08 45 85 c0 7e 0e 41 f6 c0 01 75 59 41
0x00007ffaeab08836:   c1 f8 03 41 8b c0 c3 79 4f 80 3d a9 ca 85 00 00
0x00007ffaeab08846:   b8 0c 00 00 00 b9 10 00 00 00 0f 45 c8 8b 05 4b
0x00007ffaeab08856:   8e 7f 00 ff c8 4c 63 c8 48 63 c1 41 8b c8 83 e1
0x00007ffaeab08866:   3f 48 63 14 10 41 8b c0 48 c1 f8 10 0f b6 c0 48
0x00007ffaeab08876:   d3 e2 49 8d 0c 11 49 f7 d1 48 03 c1 49 c1 e9 03
0x00007ffaeab08886:   48 c1 e8 03 41 23 c1 c3 49 8b 01 49 8b c9 48 ff
0x00007ffaeab08896:   a0 10 01 00 00 cc cc cc cc cc 48 83 ec 38 0f 10
0x00007ffaeab088a6:   02 48 8b 49 38 48 8d 54 24 20 0f 29 44 24 20 e8
0x00007ffaeab088b6:   66 f0 ff ff 48 83 c4 38 c3 cc 48 83 ec 38 0f 10
0x00007ffaeab088c6:   02 48 8b 01 48 8d 54 24 20 0f 29 44 24 20 ff 50
0x00007ffaeab088d6:   38 48 83 c4 38 c3 cc cc cc cc 48 89 5c 24 08 55
0x00007ffaeab088e6:   56 57 41 54 41 55 41 56 41 57 48 8d 6c 24 e0 48
0x00007ffaeab088f6:   81 ec 20 01 00 00 48 8b 05 ad c4 82 00 48 33 c4
0x00007ffaeab08906:   48 89 45 10 48 8b 05 0f 35 85 00 45 33 ed 4c 8b
0x00007ffaeab08916:   b5 80 00 00 00 4c 8b fa 48 8b bd 88 00 00 00 4d 


Stack slot to memory mapping:
stack at sp + 0 slots: 0x00007ffaeac579ba jvm.dll
stack at sp + 1 slots: 
[error occurred during error reporting (inspecting top of stack), id 0xc0000005, EXCEPTION_ACCESS_VIOLATION (0xc0000005) at pc=0x00007ffaeab08826]


---------------  P R O C E S S  ---------------

Threads class SMR info:
_java_thread_list=0x0000019e843dd540, length=44, elements={
0x0000019edf69e000, 0x0000019ef7dc5800, 0x0000019ef7dcf000, 0x0000019ef8752800,
0x0000019ef8754800, 0x0000019ef8756000, 0x0000019ef8759000, 0x0000019ef875a000,
0x0000019ef8897800, 0x0000019ef8898800, 0x0000019ef9378800, 0x0000019ef99bf000,
0x0000019ef9209800, 0x0000019efa736000, 0x0000019efa737000, 0x0000019efa73a800,
0x0000019efa738000, 0x0000019efa0dc000, 0x0000019efa0dd000, 0x0000019efa286000,
0x0000019ef9323000, 0x0000019ef9322000, 0x0000019ef9320800, 0x0000019ef9321000,
0x0000019ef931d000, 0x0000019ef931e000, 0x0000019ef9323800, 0x0000019ef931e800,
0x0000019efcf68800, 0x0000019efcf6c000, 0x0000019efcf69800, 0x0000019efcf6d800,
0x0000019efcf68000, 0x0000019efd20d000, 0x0000019efd20e000, 0x0000019efd20f800,
0x0000019efd210800, 0x0000019efd212000, 0x0000019efd213000, 0x0000019efd211800,
0x0000019efd20f000, 0x0000019efd213800, 0x0000019efd215800, 0x0000019efcf6c800
}

Java Threads: ( => current thread )
  0x0000019edf69e000 JavaThread "main" [_thread_blocked, id=7092, stack(0x0000001fa8b00000,0x0000001fa8c00000)]
  0x0000019ef7dc5800 JavaThread "Reference Handler" daemon [_thread_blocked, id=4452, stack(0x0000001fa9200000,0x0000001fa9300000)]
  0x0000019ef7dcf000 JavaThread "Finalizer" daemon [_thread_blocked, id=6020, stack(0x0000001fa9300000,0x0000001fa9400000)]
  0x0000019ef8752800 JavaThread "Signal Dispatcher" daemon [_thread_blocked, id=8180, stack(0x0000001fa9500000,0x0000001fa9600000)]
  0x0000019ef8754800 JavaThread "Attach Listener" daemon [_thread_blocked, id=7980, stack(0x0000001fa9600000,0x0000001fa9700000)]
  0x0000019ef8756000 JavaThread "C2 CompilerThread0" daemon [_thread_in_native, id=7404, stack(0x0000001fa9700000,0x0000001fa9800000)]
  0x0000019ef8759000 JavaThread "C1 CompilerThread0" daemon [_thread_blocked, id=8540, stack(0x0000001fa9800000,0x0000001fa9900000)]
  0x0000019ef875a000 JavaThread "Sweeper thread" daemon [_thread_blocked, id=8208, stack(0x0000001fa9900000,0x0000001fa9a00000)]
  0x0000019ef8897800 JavaThread "Common-Cleaner" daemon [_thread_blocked, id=8092, stack(0x0000001fa9a00000,0x0000001fa9b00000)]
  0x0000019ef8898800 JavaThread "Service Thread" daemon [_thread_blocked, id=12396, stack(0x0000001fa9b00000,0x0000001fa9c00000)]
  0x0000019ef9378800 JavaThread "Daemon health stats" [_thread_blocked, id=8204, stack(0x0000001fa9d00000,0x0000001fa9e00000)]
  0x0000019ef99bf000 JavaThread "Incoming local TCP Connector on port 50817" [_thread_in_native, id=4864, stack(0x0000001faa100000,0x0000001faa200000)]
  0x0000019ef9209800 JavaThread "Daemon periodic checks" [_thread_blocked, id=10012, stack(0x0000001faa400000,0x0000001faa500000)]
  0x0000019efa736000 JavaThread "Daemon" [_thread_blocked, id=9988, stack(0x0000001faa500000,0x0000001faa600000)]
  0x0000019efa737000 JavaThread "Handler for socket connection from /127.0.0.1:50817 to /127.0.0.1:50818" [_thread_in_native, id=12616, stack(0x0000001faa600000,0x0000001faa700000)]
  0x0000019efa73a800 JavaThread "Cancel handler" [_thread_blocked, id=8420, stack(0x0000001faa700000,0x0000001faa800000)]
  0x0000019efa738000 JavaThread "Daemon worker" [_thread_blocked, id=10856, stack(0x0000001faa800000,0x0000001faa900000)]
  0x0000019efa0dc000 JavaThread "Asynchronous log dispatcher for DefaultDaemonConnection: socket connection from /127.0.0.1:50817 to /127.0.0.1:50818" [_thread_blocked, id=644, stack(0x0000001faa900000,0x0000001faaa00000)]
  0x0000019efa0dd000 JavaThread "Stdin handler" [_thread_blocked, id=6356, stack(0x0000001faaa00000,0x0000001faab00000)]
  0x0000019efa286000 JavaThread "Thread-8" [_thread_blocked, id=11736, stack(0x0000001faab00000,0x0000001faac00000)]
  0x0000019ef9323000 JavaThread "Cache worker for journal cache (C:\Users\Muzahid\.gradle\caches\journal-1)" [_thread_blocked, id=13196, stack(0x0000001faac00000,0x0000001faad00000)]
  0x0000019ef9322000 JavaThread "File lock request listener" [_thread_in_native, id=6704, stack(0x0000001faad00000,0x0000001faae00000)]
  0x0000019ef9320800 JavaThread "Cache worker for file hash cache (C:\Users\Muzahid\.gradle\caches\6.5\fileHashes)" [_thread_blocked, id=14212, stack(0x0000001faae00000,0x0000001faaf00000)]
  0x0000019ef9321000 JavaThread "Cache worker for file hash cache (C:\Users\Muzahid\Desktop\Ekottro Parcel\android\.gradle\6.5\fileHashes)" [_thread_blocked, id=6056, stack(0x0000001faaf00000,0x0000001fab000000)]
  0x0000019ef931d000 JavaThread "Cache worker for checksums cache (C:\Users\Muzahid\Desktop\Ekottro Parcel\android\.gradle\checksums)" [_thread_blocked, id=10292, stack(0x0000001fab000000,0x0000001fab100000)]
  0x0000019ef931e000 JavaThread "Cache worker for cache directory md-supplier (C:\Users\Muzahid\.gradle\caches\6.5\md-supplier)" [_thread_blocked, id=13728, stack(0x0000001fab100000,0x0000001fab200000)]
  0x0000019ef9323800 JavaThread "Cache worker for cache directory md-rule (C:\Users\Muzahid\.gradle\caches\6.5\md-rule)" [_thread_blocked, id=9376, stack(0x0000001fab200000,0x0000001fab300000)]
  0x0000019ef931e800 JavaThread "Cache worker for execution history cache (C:\Users\Muzahid\.gradle\caches\6.5\executionHistory)" [_thread_blocked, id=12556, stack(0x0000001fab300000,0x0000001fab400000)]
  0x0000019efcf68800 JavaThread "Cache worker for file content cache (C:\Users\Muzahid\.gradle\caches\6.5\fileContent)" [_thread_blocked, id=324, stack(0x0000001fab600000,0x0000001fab700000)]
  0x0000019efcf6c000 JavaThread "Build operations" [_thread_blocked, id=6652, stack(0x0000001fab400000,0x0000001fab500000)]
  0x0000019efcf69800 JavaThread "Build operations Thread 2" [_thread_blocked, id=8488, stack(0x0000001fab700000,0x0000001fab800000)]
  0x0000019efcf6d800 JavaThread "Build operations Thread 3" [_thread_blocked, id=11024, stack(0x0000001fab800000,0x0000001fab900000)]
  0x0000019efcf68000 JavaThread "Build operations Thread 4" [_thread_blocked, id=6976, stack(0x0000001fab900000,0x0000001faba00000)]
  0x0000019efd20d000 JavaThread "Cache worker for Build Output Cleanup Cache (C:\Users\Muzahid\Desktop\Ekottro Parcel\android\.gradle\buildOutputCleanup)" [_thread_blocked, id=8676, stack(0x0000001fb2b00000,0x0000001fb2c00000)]
  0x0000019efd20e000 JavaThread "Memory manager" [_thread_blocked, id=13688, stack(0x0000001fb2d00000,0x0000001fb2e00000)]
  0x0000019efd20f800 JavaThread "Cache worker for file content cache (C:\Users\Muzahid\Desktop\Ekottro Parcel\android\.gradle\6.5\fileContent)" [_thread_blocked, id=9136, stack(0x0000001fb3000000,0x0000001fb3100000)]
  0x0000019efd210800 JavaThread "Execution worker for ':'" [_thread_blocked, id=12800, stack(0x0000001fb3100000,0x0000001fb3200000)]
  0x0000019efd212000 JavaThread "Execution worker for ':' Thread 2" [_thread_blocked, id=7832, stack(0x0000001fb3200000,0x0000001fb3300000)]
  0x0000019efd213000 JavaThread "Execution worker for ':' Thread 3" [_thread_blocked, id=10056, stack(0x0000001fb3300000,0x0000001fb3400000)]
  0x0000019efd211800 JavaThread "Cache worker for execution history cache (C:\Users\Muzahid\Desktop\Ekottro Parcel\android\.gradle\6.5\executionHistory)" [_thread_blocked, id=10820, stack(0x0000001fb3400000,0x0000001fb3500000)]
  0x0000019efd20f000 JavaThread "Exec process" [_thread_blocked, id=11984, stack(0x0000001fb3500000,0x0000001fb3600000)]
  0x0000019efd213800 JavaThread "Exec process Thread 2" [_thread_blocked, id=8728, stack(0x0000001fb2c00000,0x0000001fb2d00000)]
  0x0000019efd215800 JavaThread "Exec process Thread 3" [_thread_blocked, id=12504, stack(0x0000001fb3600000,0x0000001fb3700000)]
  0x0000019efcf6c800 JavaThread "C2 CompilerThread1" daemon [_thread_in_native, id=12872, stack(0x0000001fa8900000,0x0000001fa8a00000)]

Other Threads:
  0x0000019ef7da0800 VMThread "VM Thread" [stack: 0x0000001fa9100000,0x0000001fa9200000] [id=10684]
  0x0000019ef8899800 WatcherThread [stack: 0x0000001fa9c00000,0x0000001fa9d00000] [id=7800]
  0x0000019edf6b6800 GCTaskThread "GC Thread#0" [stack: 0x0000001fa8c00000,0x0000001fa8d00000] [id=7356]
  0x0000019ef8be3000 GCTaskThread "GC Thread#1" [stack: 0x0000001fa9e00000,0x0000001fa9f00000] [id=5488]
  0x0000019efa67a800 GCTaskThread "GC Thread#2" [stack: 0x0000001faa200000,0x0000001faa300000] [id=5628]
  0x0000019ef993b800 GCTaskThread "GC Thread#3" [stack: 0x0000001faa300000,0x0000001faa400000] [id=3096]
  0x0000019edf6db800 ConcurrentGCThread "G1 Main Marker" [stack: 0x0000001fa8d00000,0x0000001fa8e00000] [id=3412]
=>0x0000019edf6dd000 ConcurrentGCThread "G1 Conc#0" [stack: 0x0000001fa8e00000,0x0000001fa8f00000] [id=12444]
  0x0000019edf738800 ConcurrentGCThread "G1 Refine#0" [stack: 0x0000001fa8f00000,0x0000001fa9000000] [id=9116]
  0x0000019edf73a000 ConcurrentGCThread "G1 Young RemSet Sampling" [stack: 0x0000001fa9000000,0x0000001fa9100000] [id=10388]

Threads with active compile tasks:
C2 CompilerThread0 140963 15602       4       org.gradle.internal.component.model.AttributeConfigurationSelector::selectConfigurationUsingAttributeMatching (445 bytes)
C2 CompilerThread1 140963 15641       4       org.gradle.api.internal.artifacts.ivyservice.ivyresolve.CachingModuleComponentRepository$LocateInCacheRepositoryAccess::getProcessedMetadata (41 bytes)

VM state:not at safepoint (normal execution)

VM Mutex/Monitor currently owned by a thread: None

Heap address: 0x00000000a0000000, size: 1536 MB, Compressed Oops mode: 32-bit
Narrow klass base: 0x0000000000000000, Narrow klass shift: 3
Compressed class space size: 1073741824 Address: 0x0000000100000000

Heap:
 garbage-first heap   total 346112K, used 259717K [0x00000000a0000000, 0x0000000100000000)
  region size 1024K, 27 young (27648K), 7 survivors (7168K)
 Metaspace       used 88356K, capacity 95021K, committed 95280K, reserved 1130496K
  class space    used 11530K, capacity 13391K, committed 13440K, reserved 1048576K
Heap Regions: E=young(eden), S=young(survivor), O=old, HS=humongous(starts), HC=humongous(continues), CS=collection set, F=free, A=archive, TAMS=top-at-mark-start (previous, next)
|   0|0x00000000a0000000, 0x00000000a0100000, 0x00000000a0100000|100%| O|  |TAMS 0x00000000a0100000, 0x00000000a0100000| Untracked 
|   1|0x00000000a0100000, 0x00000000a0200000, 0x00000000a0200000|100%| O|  |TAMS 0x00000000a0200000, 0x00000000a0200000| Untracked 
|   2|0x00000000a0200000, 0x00000000a0300000, 0x00000000a0300000|100%| O|  |TAMS 0x00000000a0300000, 0x00000000a0300000| Untracked 
|   3|0x00000000a0300000, 0x00000000a0400000, 0x00000000a0400000|100%|HS|  |TAMS 0x00000000a0400000, 0x00000000a0400000| Complete 
|   4|0x00000000a0400000, 0x00000000a0500000, 0x00000000a0500000|100%|HC|  |TAMS 0x00000000a0500000, 0x00000000a0500000| Complete 
|   5|0x00000000a0500000, 0x00000000a0600000, 0x00000000a0600000|100%|HC|  |TAMS 0x00000000a0600000, 0x00000000a0600000| Complete 
|   6|0x00000000a0600000, 0x00000000a0700000, 0x00000000a0700000|100%| O|  |TAMS 0x00000000a0700000, 0x00000000a0700000| Untracked 
|   7|0x00000000a0700000, 0x00000000a0800000, 0x00000000a0800000|100%| O|  |TAMS 0x00000000a0800000, 0x00000000a0800000| Untracked 
|   8|0x00000000a0800000, 0x00000000a0900000, 0x00000000a0900000|100%| O|  |TAMS 0x00000000a0900000, 0x00000000a0900000| Untracked 
|   9|0x00000000a0900000, 0x00000000a0a00000, 0x00000000a0a00000|100%| O|  |TAMS 0x00000000a0a00000, 0x00000000a0a00000| Untracked 
|  10|0x00000000a0a00000, 0x00000000a0b00000, 0x00000000a0b00000|100%| O|  |TAMS 0x00000000a0b00000, 0x00000000a0b00000| Untracked 
|  11|0x00000000a0b00000, 0x00000000a0c00000, 0x00000000a0c00000|100%| O|  |TAMS 0x00000000a0c00000, 0x00000000a0c00000| Untracked 
|  12|0x00000000a0c00000, 0x00000000a0d00000, 0x00000000a0d00000|100%| O|  |TAMS 0x00000000a0d00000, 0x00000000a0d00000| Untracked 
|  13|0x00000000a0d00000, 0x00000000a0e00000, 0x00000000a0e00000|100%| O|  |TAMS 0x00000000a0e00000, 0x00000000a0e00000| Untracked 
|  14|0x00000000a0e00000, 0x00000000a0f00000, 0x00000000a0f00000|100%| O|  |TAMS 0x00000000a0f00000, 0x00000000a0f00000| Untracked 
|  15|0x00000000a0f00000, 0x00000000a1000000, 0x00000000a1000000|100%| O|  |TAMS 0x00000000a1000000, 0x00000000a1000000| Untracked 
|  16|0x00000000a1000000, 0x00000000a1100000, 0x00000000a1100000|100%| O|  |TAMS 0x00000000a1100000, 0x00000000a1100000| Untracked 
|  17|0x00000000a1100000, 0x00000000a1200000, 0x00000000a1200000|100%| O|  |TAMS 0x00000000a1200000, 0x00000000a1200000| Untracked 
|  18|0x00000000a1200000, 0x00000000a1300000, 0x00000000a1300000|100%| O|  |TAMS 0x00000000a1300000, 0x00000000a1300000| Untracked 
|  19|0x00000000a1300000, 0x00000000a1400000, 0x00000000a1400000|100%| O|  |TAMS 0x00000000a1400000, 0x00000000a1400000| Untracked 
|  20|0x00000000a1400000, 0x00000000a1500000, 0x00000000a1500000|100%| O|  |TAMS 0x00000000a1500000, 0x00000000a1500000| Untracked 
|  21|0x00000000a1500000, 0x00000000a1600000, 0x00000000a1600000|100%| O|  |TAMS 0x00000000a1600000, 0x00000000a1600000| Untracked 
|  22|0x00000000a1600000, 0x00000000a1700000, 0x00000000a1700000|100%| O|  |TAMS 0x00000000a1700000, 0x00000000a1700000| Untracked 
|  23|0x00000000a1700000, 0x00000000a1800000, 0x00000000a1800000|100%| O|  |TAMS 0x00000000a1800000, 0x00000000a1800000| Untracked 
|  24|0x00000000a1800000, 0x00000000a1900000, 0x00000000a1900000|100%| O|  |TAMS 0x00000000a1900000, 0x00000000a1900000| Untracked 
|  25|0x00000000a1900000, 0x00000000a1a00000, 0x00000000a1a00000|100%| O|  |TAMS 0x00000000a1a00000, 0x00000000a1a00000| Untracked 
|  26|0x00000000a1a00000, 0x00000000a1b00000, 0x00000000a1b00000|100%|HS|  |TAMS 0x00000000a1b00000, 0x00000000a1b00000| Complete 
|  27|0x00000000a1b00000, 0x00000000a1c00000, 0x00000000a1c00000|100%| O|  |TAMS 0x00000000a1c00000, 0x00000000a1c00000| Untracked 
|  28|0x00000000a1c00000, 0x00000000a1d00000, 0x00000000a1d00000|100%| O|  |TAMS 0x00000000a1d00000, 0x00000000a1d00000| Untracked 
|  29|0x00000000a1d00000, 0x00000000a1e00000, 0x00000000a1e00000|100%| O|  |TAMS 0x00000000a1e00000, 0x00000000a1e00000| Untracked 
|  30|0x00000000a1e00000, 0x00000000a1f00000, 0x00000000a1f00000|100%|HS|  |TAMS 0x00000000a1f00000, 0x00000000a1f00000| Complete 
|  31|0x00000000a1f00000, 0x00000000a2000000, 0x00000000a2000000|100%|HC|  |TAMS 0x00000000a2000000, 0x00000000a2000000| Complete 
|  32|0x00000000a2000000, 0x00000000a2100000, 0x00000000a2100000|100%|HC|  |TAMS 0x00000000a2100000, 0x00000000a2100000| Complete 
|  33|0x00000000a2100000, 0x00000000a2200000, 0x00000000a2200000|100%|HS|  |TAMS 0x00000000a2200000, 0x00000000a2200000| Complete 
|  34|0x00000000a2200000, 0x00000000a2300000, 0x00000000a2300000|100%|HC|  |TAMS 0x00000000a2300000, 0x00000000a2300000| Complete 
|  35|0x00000000a2300000, 0x00000000a2400000, 0x00000000a2400000|100%| O|  |TAMS 0x00000000a2400000, 0x00000000a2400000| Untracked 
|  36|0x00000000a2400000, 0x00000000a2500000, 0x00000000a2500000|100%| O|  |TAMS 0x00000000a2500000, 0x00000000a2500000| Untracked 
|  37|0x00000000a2500000, 0x00000000a2600000, 0x00000000a2600000|100%| O|  |TAMS 0x00000000a2600000, 0x00000000a2600000| Untracked 
|  38|0x00000000a2600000, 0x00000000a2700000, 0x00000000a2700000|100%| O|  |TAMS 0x00000000a2700000, 0x00000000a2700000| Untracked 
|  39|0x00000000a2700000, 0x00000000a2800000, 0x00000000a2800000|100%| O|  |TAMS 0x00000000a2800000, 0x00000000a2800000| Untracked 
|  40|0x00000000a2800000, 0x00000000a2900000, 0x00000000a2900000|100%| O|  |TAMS 0x00000000a2900000, 0x00000000a2900000| Untracked 
|  41|0x00000000a2900000, 0x00000000a2a00000, 0x00000000a2a00000|100%| O|  |TAMS 0x00000000a2a00000, 0x00000000a2a00000| Untracked 
|  42|0x00000000a2a00000, 0x00000000a2b00000, 0x00000000a2b00000|100%| O|  |TAMS 0x00000000a2b00000, 0x00000000a2b00000| Untracked 
|  43|0x00000000a2b00000, 0x00000000a2c00000, 0x00000000a2c00000|100%| O|  |TAMS 0x00000000a2c00000, 0x00000000a2c00000| Untracked 
|  44|0x00000000a2c00000, 0x00000000a2d00000, 0x00000000a2d00000|100%| O|  |TAMS 0x00000000a2d00000, 0x00000000a2d00000| Untracked 
|  45|0x00000000a2d00000, 0x00000000a2e00000, 0x00000000a2e00000|100%| O|  |TAMS 0x00000000a2e00000, 0x00000000a2e00000| Untracked 
|  46|0x00000000a2e00000, 0x00000000a2f00000, 0x00000000a2f00000|100%| O|  |TAMS 0x00000000a2f00000, 0x00000000a2f00000| Untracked 
|  47|0x00000000a2f00000, 0x00000000a3000000, 0x00000000a3000000|100%| O|  |TAMS 0x00000000a3000000, 0x00000000a3000000| Untracked 
|  48|0x00000000a3000000, 0x00000000a3100000, 0x00000000a3100000|100%| O|  |TAMS 0x00000000a3100000, 0x00000000a3100000| Untracked 
|  49|0x00000000a3100000, 0x00000000a3200000, 0x00000000a3200000|100%| O|  |TAMS 0x00000000a3200000, 0x00000000a3200000| Untracked 
|  50|0x00000000a3200000, 0x00000000a3300000, 0x00000000a3300000|100%| O|  |TAMS 0x00000000a3300000, 0x00000000a3300000| Untracked 
|  51|0x00000000a3300000, 0x00000000a3400000, 0x00000000a3400000|100%| O|  |TAMS 0x00000000a3400000, 0x00000000a3400000| Untracked 
|  52|0x00000000a3400000, 0x00000000a3500000, 0x00000000a3500000|100%| O|  |TAMS 0x00000000a3500000, 0x00000000a3500000| Untracked 
|  53|0x00000000a3500000, 0x00000000a3600000, 0x00000000a3600000|100%| O|  |TAMS 0x00000000a3600000, 0x00000000a3600000| Untracked 
|  54|0x00000000a3600000, 0x00000000a3700000, 0x00000000a3700000|100%| O|  |TAMS 0x00000000a3700000, 0x00000000a3700000| Untracked 
|  55|0x00000000a3700000, 0x00000000a3800000, 0x00000000a3800000|100%| O|  |TAMS 0x00000000a3800000, 0x00000000a3800000| Untracked 
|  56|0x00000000a3800000, 0x00000000a3900000, 0x00000000a3900000|100%| O|  |TAMS 0x00000000a3900000, 0x00000000a3900000| Untracked 
|  57|0x00000000a3900000, 0x00000000a3a00000, 0x00000000a3a00000|100%| O|  |TAMS 0x00000000a3a00000, 0x00000000a3a00000| Untracked 
|  58|0x00000000a3a00000, 0x00000000a3b00000, 0x00000000a3b00000|100%| O|  |TAMS 0x00000000a3b00000, 0x00000000a3b00000| Untracked 
|  59|0x00000000a3b00000, 0x00000000a3c00000, 0x00000000a3c00000|100%| O|  |TAMS 0x00000000a3c00000, 0x00000000a3c00000| Untracked 
|  60|0x00000000a3c00000, 0x00000000a3d00000, 0x00000000a3d00000|100%| O|  |TAMS 0x00000000a3d00000, 0x00000000a3d00000| Untracked 
|  61|0x00000000a3d00000, 0x00000000a3dffff8, 0x00000000a3e00000| 99%| O|  |TAMS 0x00000000a3dffff8, 0x00000000a3dffff8| Untracked 
|  62|0x00000000a3e00000, 0x00000000a3f00000, 0x00000000a3f00000|100%| O|  |TAMS 0x00000000a3f00000, 0x00000000a3f00000| Untracked 
|  63|0x00000000a3f00000, 0x00000000a4000000, 0x00000000a4000000|100%| O|  |TAMS 0x00000000a4000000, 0x00000000a4000000| Untracked 
|  64|0x00000000a4000000, 0x00000000a4100000, 0x00000000a4100000|100%| O|  |TAMS 0x00000000a4100000, 0x00000000a4100000| Untracked 
|  65|0x00000000a4100000, 0x00000000a4200000, 0x00000000a4200000|100%| O|  |TAMS 0x00000000a4200000, 0x00000000a4200000| Untracked 
|  66|0x00000000a4200000, 0x00000000a4300000, 0x00000000a4300000|100%| O|  |TAMS 0x00000000a4300000, 0x00000000a4300000| Untracked 
|  67|0x00000000a4300000, 0x00000000a4400000, 0x00000000a4400000|100%| O|  |TAMS 0x00000000a4400000, 0x00000000a4400000| Untracked 
|  68|0x00000000a4400000, 0x00000000a4500000, 0x00000000a4500000|100%| O|  |TAMS 0x00000000a4500000, 0x00000000a4500000| Untracked 
|  69|0x00000000a4500000, 0x00000000a4600000, 0x00000000a4600000|100%| O|  |TAMS 0x00000000a4600000, 0x00000000a4600000| Untracked 
|  70|0x00000000a4600000, 0x00000000a4700000, 0x00000000a4700000|100%|HS|  |TAMS 0x00000000a4700000, 0x00000000a4700000| Complete 
|  71|0x00000000a4700000, 0x00000000a4800000, 0x00000000a4800000|100%|HC|  |TAMS 0x00000000a4800000, 0x00000000a4800000| Complete 
|  72|0x00000000a4800000, 0x00000000a4900000, 0x00000000a4900000|100%|HC|  |TAMS 0x00000000a4900000, 0x00000000a4900000| Complete 
|  73|0x00000000a4900000, 0x00000000a4a00000, 0x00000000a4a00000|100%| O|  |TAMS 0x00000000a4a00000, 0x00000000a4a00000| Untracked 
|  74|0x00000000a4a00000, 0x00000000a4b00000, 0x00000000a4b00000|100%| O|  |TAMS 0x00000000a4b00000, 0x00000000a4b00000| Untracked 
|  75|0x00000000a4b00000, 0x00000000a4c00000, 0x00000000a4c00000|100%| O|  |TAMS 0x00000000a4c00000, 0x00000000a4c00000| Untracked 
|  76|0x00000000a4c00000, 0x00000000a4d00000, 0x00000000a4d00000|100%| O|  |TAMS 0x00000000a4d00000, 0x00000000a4d00000| Untracked 
|  77|0x00000000a4d00000, 0x00000000a4e00000, 0x00000000a4e00000|100%| O|  |TAMS 0x00000000a4e00000, 0x00000000a4e00000| Untracked 
|  78|0x00000000a4e00000, 0x00000000a4f00000, 0x00000000a4f00000|100%| O|  |TAMS 0x00000000a4f00000, 0x00000000a4f00000| Untracked 
|  79|0x00000000a4f00000, 0x00000000a5000000, 0x00000000a5000000|100%| O|  |TAMS 0x00000000a5000000, 0x00000000a5000000| Untracked 
|  80|0x00000000a5000000, 0x00000000a5100000, 0x00000000a5100000|100%| O|  |TAMS 0x00000000a5100000, 0x00000000a5100000| Untracked 
|  81|0x00000000a5100000, 0x00000000a5200000, 0x00000000a5200000|100%| O|  |TAMS 0x00000000a5200000, 0x00000000a5200000| Untracked 
|  82|0x00000000a5200000, 0x00000000a5300000, 0x00000000a5300000|100%| O|  |TAMS 0x00000000a5300000, 0x00000000a5300000| Untracked 
|  83|0x00000000a5300000, 0x00000000a5400000, 0x00000000a5400000|100%| O|  |TAMS 0x00000000a5400000, 0x00000000a5400000| Untracked 
|  84|0x00000000a5400000, 0x00000000a5500000, 0x00000000a5500000|100%| O|  |TAMS 0x00000000a5500000, 0x00000000a5500000| Untracked 
|  85|0x00000000a5500000, 0x00000000a5600000, 0x00000000a5600000|100%| O|  |TAMS 0x00000000a5600000, 0x00000000a5600000| Untracked 
|  86|0x00000000a5600000, 0x00000000a5700000, 0x00000000a5700000|100%| O|  |TAMS 0x00000000a5700000, 0x00000000a5700000| Untracked 
|  87|0x00000000a5700000, 0x00000000a5800000, 0x00000000a5800000|100%| O|  |TAMS 0x00000000a5800000, 0x00000000a5800000| Untracked 
|  88|0x00000000a5800000, 0x00000000a5900000, 0x00000000a5900000|100%| O|  |TAMS 0x00000000a5900000, 0x00000000a5900000| Untracked 
|  89|0x00000000a5900000, 0x00000000a5a00000, 0x00000000a5a00000|100%| O|  |TAMS 0x00000000a5a00000, 0x00000000a5a00000| Untracked 
|  90|0x00000000a5a00000, 0x00000000a5b00000, 0x00000000a5b00000|100%| O|  |TAMS 0x00000000a5b00000, 0x00000000a5b00000| Untracked 
|  91|0x00000000a5b00000, 0x00000000a5c00000, 0x00000000a5c00000|100%| O|  |TAMS 0x00000000a5c00000, 0x00000000a5c00000| Untracked 
|  92|0x00000000a5c00000, 0x00000000a5d00000, 0x00000000a5d00000|100%| O|  |TAMS 0x00000000a5d00000, 0x00000000a5d00000| Untracked 
|  93|0x00000000a5d00000, 0x00000000a5e00000, 0x00000000a5e00000|100%| O|  |TAMS 0x00000000a5e00000, 0x00000000a5e00000| Untracked 
|  94|0x00000000a5e00000, 0x00000000a5f00000, 0x00000000a5f00000|100%| O|  |TAMS 0x00000000a5f00000, 0x00000000a5f00000| Untracked 
|  95|0x00000000a5f00000, 0x00000000a6000000, 0x00000000a6000000|100%| O|  |TAMS 0x00000000a6000000, 0x00000000a6000000| Untracked 
|  96|0x00000000a6000000, 0x00000000a6100000, 0x00000000a6100000|100%| O|  |TAMS 0x00000000a6100000, 0x00000000a6100000| Untracked 
|  97|0x00000000a6100000, 0x00000000a6200000, 0x00000000a6200000|100%| O|  |TAMS 0x00000000a6200000, 0x00000000a6200000| Untracked 
|  98|0x00000000a6200000, 0x00000000a6300000, 0x00000000a6300000|100%| O|  |TAMS 0x00000000a6300000, 0x00000000a6300000| Untracked 
|  99|0x00000000a6300000, 0x00000000a6400000, 0x00000000a6400000|100%| O|  |TAMS 0x00000000a6400000, 0x00000000a6400000| Untracked 
| 100|0x00000000a6400000, 0x00000000a6500000, 0x00000000a6500000|100%| O|  |TAMS 0x00000000a6500000, 0x00000000a6500000| Untracked 
| 101|0x00000000a6500000, 0x00000000a6600000, 0x00000000a6600000|100%| O|  |TAMS 0x00000000a6600000, 0x00000000a6600000| Untracked 
| 102|0x00000000a6600000, 0x00000000a6700000, 0x00000000a6700000|100%| O|  |TAMS 0x00000000a6700000, 0x00000000a6700000| Untracked 
| 103|0x00000000a6700000, 0x00000000a6800000, 0x00000000a6800000|100%| O|  |TAMS 0x00000000a6800000, 0x00000000a6800000| Untracked 
| 104|0x00000000a6800000, 0x00000000a6900000, 0x00000000a6900000|100%| O|  |TAMS 0x00000000a6900000, 0x00000000a6900000| Untracked 
| 105|0x00000000a6900000, 0x00000000a6a00000, 0x00000000a6a00000|100%| O|  |TAMS 0x00000000a6a00000, 0x00000000a6a00000| Untracked 
| 106|0x00000000a6a00000, 0x00000000a6b00000, 0x00000000a6b00000|100%|HS|  |TAMS 0x00000000a6b00000, 0x00000000a6b00000| Complete 
| 107|0x00000000a6b00000, 0x00000000a6c00000, 0x00000000a6c00000|100%|HC|  |TAMS 0x00000000a6c00000, 0x00000000a6c00000| Complete 
| 108|0x00000000a6c00000, 0x00000000a6d00000, 0x00000000a6d00000|100%|HC|  |TAMS 0x00000000a6d00000, 0x00000000a6d00000| Complete 
| 109|0x00000000a6d00000, 0x00000000a6e00000, 0x00000000a6e00000|100%|HS|  |TAMS 0x00000000a6e00000, 0x00000000a6e00000| Complete 
| 110|0x00000000a6e00000, 0x00000000a6f00000, 0x00000000a6f00000|100%|HC|  |TAMS 0x00000000a6f00000, 0x00000000a6f00000| Complete 
| 111|0x00000000a6f00000, 0x00000000a7000000, 0x00000000a7000000|100%| O|  |TAMS 0x00000000a7000000, 0x00000000a7000000| Untracked 
| 112|0x00000000a7000000, 0x00000000a7100000, 0x00000000a7100000|100%| O|  |TAMS 0x00000000a7100000, 0x00000000a7100000| Untracked 
| 113|0x00000000a7100000, 0x00000000a7200000, 0x00000000a7200000|100%| O|  |TAMS 0x00000000a7200000, 0x00000000a7200000| Untracked 
| 114|0x00000000a7200000, 0x00000000a7300000, 0x00000000a7300000|100%| O|  |TAMS 0x00000000a7300000, 0x00000000a7300000| Untracked 
| 115|0x00000000a7300000, 0x00000000a7400000, 0x00000000a7400000|100%| O|  |TAMS 0x00000000a7400000, 0x00000000a7400000| Untracked 
| 116|0x00000000a7400000, 0x00000000a7500000, 0x00000000a7500000|100%| O|  |TAMS 0x00000000a7500000, 0x00000000a7500000| Untracked 
| 117|0x00000000a7500000, 0x00000000a7600000, 0x00000000a7600000|100%| O|  |TAMS 0x00000000a7600000, 0x00000000a7600000| Untracked 
| 118|0x00000000a7600000, 0x00000000a7700000, 0x00000000a7700000|100%| O|  |TAMS 0x00000000a7700000, 0x00000000a7700000| Untracked 
| 119|0x00000000a7700000, 0x00000000a7800000, 0x00000000a7800000|100%|HS|  |TAMS 0x00000000a7800000, 0x00000000a7800000| Complete 
| 120|0x00000000a7800000, 0x00000000a7900000, 0x00000000a7900000|100%|HC|  |TAMS 0x00000000a7900000, 0x00000000a7900000| Complete 
| 121|0x00000000a7900000, 0x00000000a7a00000, 0x00000000a7a00000|100%|HC|  |TAMS 0x00000000a7a00000, 0x00000000a7a00000| Complete 
| 122|0x00000000a7a00000, 0x00000000a7b00000, 0x00000000a7b00000|100%| O|  |TAMS 0x00000000a7b00000, 0x00000000a7b00000| Untracked 
| 123|0x00000000a7b00000, 0x00000000a7c00000, 0x00000000a7c00000|100%| O|  |TAMS 0x00000000a7c00000, 0x00000000a7c00000| Untracked 
| 124|0x00000000a7c00000, 0x00000000a7d00000, 0x00000000a7d00000|100%| O|  |TAMS 0x00000000a7d00000, 0x00000000a7d00000| Untracked 
| 125|0x00000000a7d00000, 0x00000000a7e00000, 0x00000000a7e00000|100%| O|  |TAMS 0x00000000a7e00000, 0x00000000a7e00000| Untracked 
| 126|0x00000000a7e00000, 0x00000000a7f00000, 0x00000000a7f00000|100%| O|  |TAMS 0x00000000a7f00000, 0x00000000a7f00000| Untracked 
| 127|0x00000000a7f00000, 0x00000000a8000000, 0x00000000a8000000|100%| O|  |TAMS 0x00000000a8000000, 0x00000000a8000000| Untracked 
| 128|0x00000000a8000000, 0x00000000a8100000, 0x00000000a8100000|100%| O|  |TAMS 0x00000000a8100000, 0x00000000a8100000| Untracked 
| 129|0x00000000a8100000, 0x00000000a8200000, 0x00000000a8200000|100%|HS|  |TAMS 0x00000000a8200000, 0x00000000a8200000| Complete 
| 130|0x00000000a8200000, 0x00000000a8300000, 0x00000000a8300000|100%|HC|  |TAMS 0x00000000a8300000, 0x00000000a8300000| Complete 
| 131|0x00000000a8300000, 0x00000000a8400000, 0x00000000a8400000|100%|HC|  |TAMS 0x00000000a8400000, 0x00000000a8400000| Complete 
| 132|0x00000000a8400000, 0x00000000a8500000, 0x00000000a8500000|100%| O|  |TAMS 0x00000000a8500000, 0x00000000a8500000| Untracked 
| 133|0x00000000a8500000, 0x00000000a8600000, 0x00000000a8600000|100%| O|  |TAMS 0x00000000a8600000, 0x00000000a8600000| Untracked 
| 134|0x00000000a8600000, 0x00000000a8700000, 0x00000000a8700000|100%| O|  |TAMS 0x00000000a8700000, 0x00000000a8700000| Untracked 
| 135|0x00000000a8700000, 0x00000000a8800000, 0x00000000a8800000|100%| O|  |TAMS 0x00000000a8800000, 0x00000000a8800000| Untracked 
| 136|0x00000000a8800000, 0x00000000a8900000, 0x00000000a8900000|100%| O|  |TAMS 0x00000000a8900000, 0x00000000a8900000| Untracked 
| 137|0x00000000a8900000, 0x00000000a8a00000, 0x00000000a8a00000|100%| O|  |TAMS 0x00000000a8a00000, 0x00000000a8a00000| Untracked 
| 138|0x00000000a8a00000, 0x00000000a8b00000, 0x00000000a8b00000|100%| O|  |TAMS 0x00000000a8b00000, 0x00000000a8b00000| Untracked 
| 139|0x00000000a8b00000, 0x00000000a8c00000, 0x00000000a8c00000|100%| O|  |TAMS 0x00000000a8c00000, 0x00000000a8c00000| Untracked 
| 140|0x00000000a8c00000, 0x00000000a8d00000, 0x00000000a8d00000|100%| O|  |TAMS 0x00000000a8d00000, 0x00000000a8d00000| Untracked 
| 141|0x00000000a8d00000, 0x00000000a8e00000, 0x00000000a8e00000|100%|HS|  |TAMS 0x00000000a8e00000, 0x00000000a8e00000| Complete 
| 142|0x00000000a8e00000, 0x00000000a8f00000, 0x00000000a8f00000|100%|HS|  |TAMS 0x00000000a8f00000, 0x00000000a8f00000| Complete 
| 143|0x00000000a8f00000, 0x00000000a9000000, 0x00000000a9000000|100%|HC|  |TAMS 0x00000000a9000000, 0x00000000a9000000| Complete 
| 144|0x00000000a9000000, 0x00000000a9100000, 0x00000000a9100000|100%|HC|  |TAMS 0x00000000a9100000, 0x00000000a9100000| Complete 
| 145|0x00000000a9100000, 0x00000000a9200000, 0x00000000a9200000|100%| O|  |TAMS 0x00000000a9200000, 0x00000000a9200000| Untracked 
| 146|0x00000000a9200000, 0x00000000a9300000, 0x00000000a9300000|100%| O|  |TAMS 0x00000000a9300000, 0x00000000a9300000| Untracked 
| 147|0x00000000a9300000, 0x00000000a9400000, 0x00000000a9400000|100%| O|  |TAMS 0x00000000a9400000, 0x00000000a9400000| Untracked 
| 148|0x00000000a9400000, 0x00000000a9500000, 0x00000000a9500000|100%|HS|  |TAMS 0x00000000a9500000, 0x00000000a9500000| Complete 
| 149|0x00000000a9500000, 0x00000000a9600000, 0x00000000a9600000|100%|HS|  |TAMS 0x00000000a9600000, 0x00000000a9600000| Complete 
| 150|0x00000000a9600000, 0x00000000a9700000, 0x00000000a9700000|100%|HC|  |TAMS 0x00000000a9700000, 0x00000000a9700000| Complete 
| 151|0x00000000a9700000, 0x00000000a9800000, 0x00000000a9800000|100%| O|  |TAMS 0x00000000a9800000, 0x00000000a9800000| Untracked 
| 152|0x00000000a9800000, 0x00000000a9900000, 0x00000000a9900000|100%| O|  |TAMS 0x00000000a9900000, 0x00000000a9900000| Untracked 
| 153|0x00000000a9900000, 0x00000000a9a00000, 0x00000000a9a00000|100%| O|  |TAMS 0x00000000a9a00000, 0x00000000a9a00000| Untracked 
| 154|0x00000000a9a00000, 0x00000000a9b00000, 0x00000000a9b00000|100%| O|  |TAMS 0x00000000a9b00000, 0x00000000a9b00000| Untracked 
| 155|0x00000000a9b00000, 0x00000000a9c00000, 0x00000000a9c00000|100%| O|  |TAMS 0x00000000a9c00000, 0x00000000a9c00000| Untracked 
| 156|0x00000000a9c00000, 0x00000000a9d00000, 0x00000000a9d00000|100%| O|  |TAMS 0x00000000a9d00000, 0x00000000a9d00000| Untracked 
| 157|0x00000000a9d00000, 0x00000000a9e00000, 0x00000000a9e00000|100%| O|  |TAMS 0x00000000a9e00000, 0x00000000a9e00000| Untracked 
| 158|0x00000000a9e00000, 0x00000000a9f00000, 0x00000000a9f00000|100%| O|  |TAMS 0x00000000a9f00000, 0x00000000a9f00000| Untracked 
| 159|0x00000000a9f00000, 0x00000000aa000000, 0x00000000aa000000|100%| O|  |TAMS 0x00000000aa000000, 0x00000000aa000000| Untracked 
| 160|0x00000000aa000000, 0x00000000aa100000, 0x00000000aa100000|100%| O|  |TAMS 0x00000000aa100000, 0x00000000aa100000| Untracked 
| 161|0x00000000aa100000, 0x00000000aa200000, 0x00000000aa200000|100%| O|  |TAMS 0x00000000aa200000, 0x00000000aa200000| Untracked 
| 162|0x00000000aa200000, 0x00000000aa300000, 0x00000000aa300000|100%| O|  |TAMS 0x00000000aa300000, 0x00000000aa300000| Untracked 
| 163|0x00000000aa300000, 0x00000000aa400000, 0x00000000aa400000|100%| O|  |TAMS 0x00000000aa400000, 0x00000000aa400000| Untracked 
| 164|0x00000000aa400000, 0x00000000aa500000, 0x00000000aa500000|100%| O|  |TAMS 0x00000000aa500000, 0x00000000aa500000| Untracked 
| 165|0x00000000aa500000, 0x00000000aa600000, 0x00000000aa600000|100%| O|  |TAMS 0x00000000aa600000, 0x00000000aa600000| Untracked 
| 166|0x00000000aa600000, 0x00000000aa700000, 0x00000000aa700000|100%| O|  |TAMS 0x00000000aa700000, 0x00000000aa700000| Untracked 
| 167|0x00000000aa700000, 0x00000000aa800000, 0x00000000aa800000|100%| O|  |TAMS 0x00000000aa800000, 0x00000000aa800000| Untracked 
| 168|0x00000000aa800000, 0x00000000aa900000, 0x00000000aa900000|100%| O|  |TAMS 0x00000000aa900000, 0x00000000aa900000| Untracked 
| 169|0x00000000aa900000, 0x00000000aaa00000, 0x00000000aaa00000|100%| O|  |TAMS 0x00000000aaa00000, 0x00000000aaa00000| Untracked 
| 170|0x00000000aaa00000, 0x00000000aab00000, 0x00000000aab00000|100%| O|  |TAMS 0x00000000aab00000, 0x00000000aab00000| Untracked 
| 171|0x00000000aab00000, 0x00000000aac00000, 0x00000000aac00000|100%| O|  |TAMS 0x00000000aac00000, 0x00000000aac00000| Untracked 
| 172|0x00000000aac00000, 0x00000000aad00000, 0x00000000aad00000|100%| O|  |TAMS 0x00000000aad00000, 0x00000000aad00000| Untracked 
| 173|0x00000000aad00000, 0x00000000aae00000, 0x00000000aae00000|100%| O|  |TAMS 0x00000000aae00000, 0x00000000aae00000| Untracked 
| 174|0x00000000aae00000, 0x00000000aaf00000, 0x00000000aaf00000|100%| O|  |TAMS 0x00000000aaf00000, 0x00000000aaf00000| Untracked 
| 175|0x00000000aaf00000, 0x00000000ab000000, 0x00000000ab000000|100%| O|  |TAMS 0x00000000ab000000, 0x00000000ab000000| Untracked 
| 176|0x00000000ab000000, 0x00000000ab100000, 0x00000000ab100000|100%| O|  |TAMS 0x00000000ab100000, 0x00000000ab100000| Untracked 
| 177|0x00000000ab100000, 0x00000000ab200000, 0x00000000ab200000|100%| O|  |TAMS 0x00000000ab200000, 0x00000000ab200000| Untracked 
| 178|0x00000000ab200000, 0x00000000ab300000, 0x00000000ab300000|100%| O|  |TAMS 0x00000000ab300000, 0x00000000ab300000| Untracked 
| 179|0x00000000ab300000, 0x00000000ab400000, 0x00000000ab400000|100%| O|  |TAMS 0x00000000ab400000, 0x00000000ab400000| Untracked 
| 180|0x00000000ab400000, 0x00000000ab500000, 0x00000000ab500000|100%| O|  |TAMS 0x00000000ab500000, 0x00000000ab500000| Untracked 
| 181|0x00000000ab500000, 0x00000000ab600000, 0x00000000ab600000|100%| O|  |TAMS 0x00000000ab600000, 0x00000000ab600000| Untracked 
| 182|0x00000000ab600000, 0x00000000ab700000, 0x00000000ab700000|100%| O|  |TAMS 0x00000000ab700000, 0x00000000ab700000| Untracked 
| 183|0x00000000ab700000, 0x00000000ab800000, 0x00000000ab800000|100%| O|  |TAMS 0x00000000ab700000, 0x00000000ab800000| Untracked 
| 184|0x00000000ab800000, 0x00000000ab900000, 0x00000000ab900000|100%| O|  |TAMS 0x00000000ab900000, 0x00000000ab900000| Untracked 
| 185|0x00000000ab900000, 0x00000000aba00000, 0x00000000aba00000|100%| O|  |TAMS 0x00000000aba00000, 0x00000000aba00000| Untracked 
| 186|0x00000000aba00000, 0x00000000abb00000, 0x00000000abb00000|100%| O|  |TAMS 0x00000000abb00000, 0x00000000abb00000| Untracked 
| 187|0x00000000abb00000, 0x00000000abc00000, 0x00000000abc00000|100%| O|  |TAMS 0x00000000abc00000, 0x00000000abc00000| Untracked 
| 188|0x00000000abc00000, 0x00000000abd00000, 0x00000000abd00000|100%| O|  |TAMS 0x00000000abd00000, 0x00000000abd00000| Untracked 
| 189|0x00000000abd00000, 0x00000000abe00000, 0x00000000abe00000|100%| O|  |TAMS 0x00000000abe00000, 0x00000000abe00000| Untracked 
| 190|0x00000000abe00000, 0x00000000abf00000, 0x00000000abf00000|100%| O|  |TAMS 0x00000000abf00000, 0x00000000abf00000| Untracked 
| 191|0x00000000abf00000, 0x00000000ac000000, 0x00000000ac000000|100%| O|  |TAMS 0x00000000ac000000, 0x00000000ac000000| Untracked 
| 192|0x00000000ac000000, 0x00000000ac100000, 0x00000000ac100000|100%| O|  |TAMS 0x00000000ac100000, 0x00000000ac100000| Untracked 
| 193|0x00000000ac100000, 0x00000000ac200000, 0x00000000ac200000|100%| O|  |TAMS 0x00000000ac200000, 0x00000000ac200000| Untracked 
| 194|0x00000000ac200000, 0x00000000ac300000, 0x00000000ac300000|100%| O|  |TAMS 0x00000000ac300000, 0x00000000ac300000| Untracked 
| 195|0x00000000ac300000, 0x00000000ac400000, 0x00000000ac400000|100%| O|  |TAMS 0x00000000ac400000, 0x00000000ac400000| Untracked 
| 196|0x00000000ac400000, 0x00000000ac500000, 0x00000000ac500000|100%| O|  |TAMS 0x00000000ac400000, 0x00000000ac500000| Untracked 
| 197|0x00000000ac500000, 0x00000000ac600000, 0x00000000ac600000|100%| O|  |TAMS 0x00000000ac600000, 0x00000000ac600000| Untracked 
| 198|0x00000000ac600000, 0x00000000ac700000, 0x00000000ac700000|100%| O|  |TAMS 0x00000000ac700000, 0x00000000ac700000| Untracked 
| 199|0x00000000ac700000, 0x00000000ac800000, 0x00000000ac800000|100%| O|  |TAMS 0x00000000ac800000, 0x00000000ac800000| Untracked 
| 200|0x00000000ac800000, 0x00000000ac900000, 0x00000000ac900000|100%| O|  |TAMS 0x00000000ac900000, 0x00000000ac900000| Untracked 
| 201|0x00000000ac900000, 0x00000000aca00000, 0x00000000aca00000|100%| O|  |TAMS 0x00000000aca00000, 0x00000000aca00000| Untracked 
| 202|0x00000000aca00000, 0x00000000acb00000, 0x00000000acb00000|100%| O|  |TAMS 0x00000000aca00000, 0x00000000acb00000| Untracked 
| 203|0x00000000acb00000, 0x00000000acc00000, 0x00000000acc00000|100%| O|  |TAMS 0x00000000acc00000, 0x00000000acc00000| Untracked 
| 204|0x00000000acc00000, 0x00000000acd00000, 0x00000000acd00000|100%| O|  |TAMS 0x00000000acd00000, 0x00000000acd00000| Untracked 
| 205|0x00000000acd00000, 0x00000000ace00000, 0x00000000ace00000|100%| O|  |TAMS 0x00000000ace00000, 0x00000000ace00000| Untracked 
| 206|0x00000000ace00000, 0x00000000acf00000, 0x00000000acf00000|100%| O|  |TAMS 0x00000000acf00000, 0x00000000acf00000| Untracked 
| 207|0x00000000acf00000, 0x00000000ad000000, 0x00000000ad000000|100%| O|  |TAMS 0x00000000ad000000, 0x00000000ad000000| Untracked 
| 208|0x00000000ad000000, 0x00000000ad100000, 0x00000000ad100000|100%| O|  |TAMS 0x00000000ad000000, 0x00000000ad100000| Untracked 
| 209|0x00000000ad100000, 0x00000000ad200000, 0x00000000ad200000|100%| O|  |TAMS 0x00000000ad100000, 0x00000000ad200000| Untracked 
| 210|0x00000000ad200000, 0x00000000ad300000, 0x00000000ad300000|100%| O|  |TAMS 0x00000000ad300000, 0x00000000ad300000| Untracked 
| 211|0x00000000ad300000, 0x00000000ad400000, 0x00000000ad400000|100%| O|  |TAMS 0x00000000ad400000, 0x00000000ad400000| Untracked 
| 212|0x00000000ad400000, 0x00000000ad500000, 0x00000000ad500000|100%| O|  |TAMS 0x00000000ad500000, 0x00000000ad500000| Untracked 
| 213|0x00000000ad500000, 0x00000000ad600000, 0x00000000ad600000|100%| O|  |TAMS 0x00000000ad600000, 0x00000000ad600000| Untracked 
| 214|0x00000000ad600000, 0x00000000ad700000, 0x00000000ad700000|100%| O|  |TAMS 0x00000000ad699e00, 0x00000000ad700000| Untracked 
| 215|0x00000000ad700000, 0x00000000ad800000, 0x00000000ad800000|100%| O|  |TAMS 0x00000000ad700000, 0x00000000ad800000| Untracked 
| 216|0x00000000ad800000, 0x00000000ad900000, 0x00000000ad900000|100%| O|  |TAMS 0x00000000ad800000, 0x00000000ad900000| Untracked 
| 217|0x00000000ad900000, 0x00000000ada00000, 0x00000000ada00000|100%| O|  |TAMS 0x00000000ada00000, 0x00000000ada00000| Untracked 
| 218|0x00000000ada00000, 0x00000000adb00000, 0x00000000adb00000|100%| O|  |TAMS 0x00000000adb00000, 0x00000000adb00000| Untracked 
| 219|0x00000000adb00000, 0x00000000adc00000, 0x00000000adc00000|100%| O|  |TAMS 0x00000000adc00000, 0x00000000adc00000| Untracked 
| 220|0x00000000adc00000, 0x00000000add00000, 0x00000000add00000|100%| O|  |TAMS 0x00000000add00000, 0x00000000add00000| Untracked 
| 221|0x00000000add00000, 0x00000000ade00000, 0x00000000ade00000|100%| O|  |TAMS 0x00000000add00000, 0x00000000ade00000| Untracked 
| 222|0x00000000ade00000, 0x00000000adf00000, 0x00000000adf00000|100%| O|  |TAMS 0x00000000ade00000, 0x00000000adf00000| Untracked 
| 223|0x00000000adf00000, 0x00000000ae000000, 0x00000000ae000000|100%| O|  |TAMS 0x00000000adf00000, 0x00000000ae000000| Untracked 
| 224|0x00000000ae000000, 0x00000000ae100000, 0x00000000ae100000|100%| O|  |TAMS 0x00000000ae000000, 0x00000000ae100000| Untracked 
| 225|0x00000000ae100000, 0x00000000ae200000, 0x00000000ae200000|100%| O|  |TAMS 0x00000000ae100000, 0x00000000ae200000| Untracked 
| 226|0x00000000ae200000, 0x00000000ae300000, 0x00000000ae300000|100%| O|  |TAMS 0x00000000ae200000, 0x00000000ae300000| Untracked 
| 227|0x00000000ae300000, 0x00000000ae400000, 0x00000000ae400000|100%| O|  |TAMS 0x00000000ae300000, 0x00000000ae400000| Untracked 
| 228|0x00000000ae400000, 0x00000000ae4a1800, 0x00000000ae500000| 63%| O|  |TAMS 0x00000000ae400000, 0x00000000ae4a1800| Untracked 
| 229|0x00000000ae500000, 0x00000000ae500000, 0x00000000ae600000|  0%| F|  |TAMS 0x00000000ae500000, 0x00000000ae500000| Untracked 
| 230|0x00000000ae600000, 0x00000000ae600000, 0x00000000ae700000|  0%| F|  |TAMS 0x00000000ae600000, 0x00000000ae600000| Untracked 
| 231|0x00000000ae700000, 0x00000000ae700000, 0x00000000ae800000|  0%| F|  |TAMS 0x00000000ae700000, 0x00000000ae700000| Untracked 
| 232|0x00000000ae800000, 0x00000000ae800000, 0x00000000ae900000|  0%| F|  |TAMS 0x00000000ae800000, 0x00000000ae800000| Untracked 
| 233|0x00000000ae900000, 0x00000000ae900000, 0x00000000aea00000|  0%| F|  |TAMS 0x00000000ae900000, 0x00000000ae900000| Untracked 
| 234|0x00000000aea00000, 0x00000000aea00000, 0x00000000aeb00000|  0%| F|  |TAMS 0x00000000aea00000, 0x00000000aea00000| Untracked 
| 235|0x00000000aeb00000, 0x00000000aeb00000, 0x00000000aec00000|  0%| F|  |TAMS 0x00000000aeb00000, 0x00000000aeb00000| Untracked 
| 236|0x00000000aec00000, 0x00000000aec00000, 0x00000000aed00000|  0%| F|  |TAMS 0x00000000aec00000, 0x00000000aec00000| Untracked 
| 237|0x00000000aed00000, 0x00000000aed00000, 0x00000000aee00000|  0%| F|  |TAMS 0x00000000aed00000, 0x00000000aed00000| Untracked 
| 238|0x00000000aee00000, 0x00000000aee00000, 0x00000000aef00000|  0%| F|  |TAMS 0x00000000aee00000, 0x00000000aee00000| Untracked 
| 239|0x00000000aef00000, 0x00000000aef00000, 0x00000000af000000|  0%| F|  |TAMS 0x00000000aef00000, 0x00000000aef00000| Untracked 
| 240|0x00000000af000000, 0x00000000af000000, 0x00000000af100000|  0%| F|  |TAMS 0x00000000af000000, 0x00000000af000000| Untracked 
| 241|0x00000000af100000, 0x00000000af100000, 0x00000000af200000|  0%| F|  |TAMS 0x00000000af100000, 0x00000000af100000| Untracked 
| 242|0x00000000af200000, 0x00000000af200000, 0x00000000af300000|  0%| F|  |TAMS 0x00000000af200000, 0x00000000af200000| Untracked 
| 243|0x00000000af300000, 0x00000000af300000, 0x00000000af400000|  0%| F|  |TAMS 0x00000000af300000, 0x00000000af300000| Untracked 
| 244|0x00000000af400000, 0x00000000af400000, 0x00000000af500000|  0%| F|  |TAMS 0x00000000af400000, 0x00000000af400000| Untracked 
| 245|0x00000000af500000, 0x00000000af500000, 0x00000000af600000|  0%| F|  |TAMS 0x00000000af500000, 0x00000000af500000| Untracked 
| 246|0x00000000af600000, 0x00000000af600000, 0x00000000af700000|  0%| F|  |TAMS 0x00000000af600000, 0x00000000af600000| Untracked 
| 247|0x00000000af700000, 0x00000000af700000, 0x00000000af800000|  0%| F|  |TAMS 0x00000000af700000, 0x00000000af700000| Untracked 
| 248|0x00000000af800000, 0x00000000af800000, 0x00000000af900000|  0%| F|  |TAMS 0x00000000af800000, 0x00000000af800000| Untracked 
| 249|0x00000000af900000, 0x00000000af900000, 0x00000000afa00000|  0%| F|  |TAMS 0x00000000af900000, 0x00000000af900000| Untracked 
| 250|0x00000000afa00000, 0x00000000afa00000, 0x00000000afb00000|  0%| F|  |TAMS 0x00000000afa00000, 0x00000000afa00000| Untracked 
| 251|0x00000000afb00000, 0x00000000afb00000, 0x00000000afc00000|  0%| F|  |TAMS 0x00000000afb00000, 0x00000000afb00000| Untracked 
| 252|0x00000000afc00000, 0x00000000afc00000, 0x00000000afd00000|  0%| F|  |TAMS 0x00000000afc00000, 0x00000000afc00000| Untracked 
| 253|0x00000000afd00000, 0x00000000afd00000, 0x00000000afe00000|  0%| F|  |TAMS 0x00000000afd00000, 0x00000000afd00000| Untracked 
| 254|0x00000000afe00000, 0x00000000afe00000, 0x00000000aff00000|  0%| F|  |TAMS 0x00000000afe00000, 0x00000000afe00000| Untracked 
| 255|0x00000000aff00000, 0x00000000aff00000, 0x00000000b0000000|  0%| F|  |TAMS 0x00000000aff00000, 0x00000000aff00000| Untracked 
| 256|0x00000000b0000000, 0x00000000b0000000, 0x00000000b0100000|  0%| F|  |TAMS 0x00000000b0000000, 0x00000000b0000000| Untracked 
| 257|0x00000000b0100000, 0x00000000b0100000, 0x00000000b0200000|  0%| F|  |TAMS 0x00000000b0100000, 0x00000000b0100000| Untracked 
| 258|0x00000000b0200000, 0x00000000b0200000, 0x00000000b0300000|  0%| F|  |TAMS 0x00000000b0200000, 0x00000000b0200000| Untracked 
| 259|0x00000000b0300000, 0x00000000b0300000, 0x00000000b0400000|  0%| F|  |TAMS 0x00000000b0300000, 0x00000000b0300000| Untracked 
| 260|0x00000000b0400000, 0x00000000b0400000, 0x00000000b0500000|  0%| F|  |TAMS 0x00000000b0400000, 0x00000000b0400000| Untracked 
| 261|0x00000000b0500000, 0x00000000b0500000, 0x00000000b0600000|  0%| F|  |TAMS 0x00000000b0500000, 0x00000000b0500000| Untracked 
| 262|0x00000000b0600000, 0x00000000b0600000, 0x00000000b0700000|  0%| F|  |TAMS 0x00000000b0600000, 0x00000000b0600000| Untracked 
| 263|0x00000000b0700000, 0x00000000b0700000, 0x00000000b0800000|  0%| F|  |TAMS 0x00000000b0700000, 0x00000000b0700000| Untracked 
| 264|0x00000000b0800000, 0x00000000b0800000, 0x00000000b0900000|  0%| F|  |TAMS 0x00000000b0800000, 0x00000000b0800000| Untracked 
| 265|0x00000000b0900000, 0x00000000b0900000, 0x00000000b0a00000|  0%| F|  |TAMS 0x00000000b0900000, 0x00000000b0900000| Untracked 
| 266|0x00000000b0a00000, 0x00000000b0a00000, 0x00000000b0b00000|  0%| F|  |TAMS 0x00000000b0a00000, 0x00000000b0a00000| Untracked 
| 267|0x00000000b0b00000, 0x00000000b0b00000, 0x00000000b0c00000|  0%| F|  |TAMS 0x00000000b0b00000, 0x00000000b0b00000| Untracked 
| 268|0x00000000b0c00000, 0x00000000b0c00000, 0x00000000b0d00000|  0%| F|  |TAMS 0x00000000b0c00000, 0x00000000b0c00000| Untracked 
| 269|0x00000000b0d00000, 0x00000000b0d00000, 0x00000000b0e00000|  0%| F|  |TAMS 0x00000000b0d00000, 0x00000000b0d00000| Untracked 
| 270|0x00000000b0e00000, 0x00000000b0e00000, 0x00000000b0f00000|  0%| F|  |TAMS 0x00000000b0e00000, 0x00000000b0e00000| Untracked 
| 271|0x00000000b0f00000, 0x00000000b0f00000, 0x00000000b1000000|  0%| F|  |TAMS 0x00000000b0f00000, 0x00000000b0f00000| Untracked 
| 272|0x00000000b1000000, 0x00000000b1000000, 0x00000000b1100000|  0%| F|  |TAMS 0x00000000b1000000, 0x00000000b1000000| Untracked 
| 273|0x00000000b1100000, 0x00000000b1200000, 0x00000000b1200000|100%| S|CS|TAMS 0x00000000b1100000, 0x00000000b1100000| Complete 
| 274|0x00000000b1200000, 0x00000000b1300000, 0x00000000b1300000|100%| S|CS|TAMS 0x00000000b1200000, 0x00000000b1200000| Complete 
| 275|0x00000000b1300000, 0x00000000b1400000, 0x00000000b1400000|100%| S|CS|TAMS 0x00000000b1300000, 0x00000000b1300000| Complete 
| 276|0x00000000b1400000, 0x00000000b1500000, 0x00000000b1500000|100%| S|CS|TAMS 0x00000000b1400000, 0x00000000b1400000| Complete 
| 277|0x00000000b1500000, 0x00000000b1600000, 0x00000000b1600000|100%| S|CS|TAMS 0x00000000b1500000, 0x00000000b1500000| Complete 
| 278|0x00000000b1600000, 0x00000000b1600000, 0x00000000b1700000|  0%| F|  |TAMS 0x00000000b1600000, 0x00000000b1600000| Untracked 
| 279|0x00000000b1700000, 0x00000000b1700000, 0x00000000b1800000|  0%| F|  |TAMS 0x00000000b1700000, 0x00000000b1700000| Untracked 
| 280|0x00000000b1800000, 0x00000000b1800000, 0x00000000b1900000|  0%| F|  |TAMS 0x00000000b1800000, 0x00000000b1800000| Untracked 
| 281|0x00000000b1900000, 0x00000000b1a00000, 0x00000000b1a00000|100%| S|CS|TAMS 0x00000000b1900000, 0x00000000b1900000| Complete 
| 282|0x00000000b1a00000, 0x00000000b1b00000, 0x00000000b1b00000|100%| S|CS|TAMS 0x00000000b1a00000, 0x00000000b1a00000| Complete 
| 283|0x00000000b1b00000, 0x00000000b1b00000, 0x00000000b1c00000|  0%| F|  |TAMS 0x00000000b1b00000, 0x00000000b1b00000| Untracked 
| 284|0x00000000b1c00000, 0x00000000b1c00000, 0x00000000b1d00000|  0%| F|  |TAMS 0x00000000b1c00000, 0x00000000b1c00000| Untracked 
| 285|0x00000000b1d00000, 0x00000000b1d00000, 0x00000000b1e00000|  0%| F|  |TAMS 0x00000000b1d00000, 0x00000000b1d00000| Untracked 
| 286|0x00000000b1e00000, 0x00000000b1e00000, 0x00000000b1f00000|  0%| F|  |TAMS 0x00000000b1e00000, 0x00000000b1e00000| Untracked 
| 287|0x00000000b1f00000, 0x00000000b1f00000, 0x00000000b2000000|  0%| F|  |TAMS 0x00000000b1f00000, 0x00000000b1f00000| Untracked 
| 288|0x00000000b2000000, 0x00000000b2000000, 0x00000000b2100000|  0%| F|  |TAMS 0x00000000b2000000, 0x00000000b2000000| Untracked 
| 289|0x00000000b2100000, 0x00000000b2100000, 0x00000000b2200000|  0%| F|  |TAMS 0x00000000b2100000, 0x00000000b2100000| Untracked 
| 290|0x00000000b2200000, 0x00000000b2200000, 0x00000000b2300000|  0%| F|  |TAMS 0x00000000b2200000, 0x00000000b2200000| Untracked 
| 291|0x00000000b2300000, 0x00000000b2300000, 0x00000000b2400000|  0%| F|  |TAMS 0x00000000b2300000, 0x00000000b2300000| Untracked 
| 292|0x00000000b2400000, 0x00000000b2400000, 0x00000000b2500000|  0%| F|  |TAMS 0x00000000b2400000, 0x00000000b2400000| Untracked 
| 293|0x00000000b2500000, 0x00000000b2500000, 0x00000000b2600000|  0%| F|  |TAMS 0x00000000b2500000, 0x00000000b2500000| Untracked 
| 294|0x00000000b2600000, 0x00000000b2600000, 0x00000000b2700000|  0%| F|  |TAMS 0x00000000b2600000, 0x00000000b2600000| Untracked 
| 295|0x00000000b2700000, 0x00000000b2700000, 0x00000000b2800000|  0%| F|  |TAMS 0x00000000b2700000, 0x00000000b2700000| Untracked 
| 296|0x00000000b2800000, 0x00000000b2800000, 0x00000000b2900000|  0%| F|  |TAMS 0x00000000b2800000, 0x00000000b2800000| Untracked 
| 297|0x00000000b2900000, 0x00000000b2900000, 0x00000000b2a00000|  0%| F|  |TAMS 0x00000000b2900000, 0x00000000b2900000| Untracked 
| 298|0x00000000b2a00000, 0x00000000b2a00000, 0x00000000b2b00000|  0%| F|  |TAMS 0x00000000b2a00000, 0x00000000b2a00000| Untracked 
| 299|0x00000000b2b00000, 0x00000000b2b00000, 0x00000000b2c00000|  0%| F|  |TAMS 0x00000000b2b00000, 0x00000000b2b00000| Untracked 
| 300|0x00000000b2c00000, 0x00000000b2c00000, 0x00000000b2d00000|  0%| F|  |TAMS 0x00000000b2c00000, 0x00000000b2c00000| Untracked 
| 301|0x00000000b2d00000, 0x00000000b2d00000, 0x00000000b2e00000|  0%| F|  |TAMS 0x00000000b2d00000, 0x00000000b2d00000| Untracked 
| 302|0x00000000b2e00000, 0x00000000b2e00000, 0x00000000b2f00000|  0%| F|  |TAMS 0x00000000b2e00000, 0x00000000b2e00000| Untracked 
| 303|0x00000000b2f00000, 0x00000000b2f00000, 0x00000000b3000000|  0%| F|  |TAMS 0x00000000b2f00000, 0x00000000b2f00000| Untracked 
| 304|0x00000000b3000000, 0x00000000b3000000, 0x00000000b3100000|  0%| F|  |TAMS 0x00000000b3000000, 0x00000000b3000000| Untracked 
| 305|0x00000000b3100000, 0x00000000b3100000, 0x00000000b3200000|  0%| F|  |TAMS 0x00000000b3100000, 0x00000000b3100000| Untracked 
| 306|0x00000000b3200000, 0x00000000b3200000, 0x00000000b3300000|  0%| F|  |TAMS 0x00000000b3200000, 0x00000000b3200000| Untracked 
| 307|0x00000000b3300000, 0x00000000b3300000, 0x00000000b3400000|  0%| F|  |TAMS 0x00000000b3300000, 0x00000000b3300000| Untracked 
| 308|0x00000000b3400000, 0x00000000b3400000, 0x00000000b3500000|  0%| F|  |TAMS 0x00000000b3400000, 0x00000000b3400000| Untracked 
| 309|0x00000000b3500000, 0x00000000b3500000, 0x00000000b3600000|  0%| F|  |TAMS 0x00000000b3500000, 0x00000000b3500000| Untracked 
| 310|0x00000000b3600000, 0x00000000b3600000, 0x00000000b3700000|  0%| F|  |TAMS 0x00000000b3600000, 0x00000000b3600000| Untracked 
| 311|0x00000000b3700000, 0x00000000b3700000, 0x00000000b3800000|  0%| F|  |TAMS 0x00000000b3700000, 0x00000000b3700000| Untracked 
| 312|0x00000000b3800000, 0x00000000b3800000, 0x00000000b3900000|  0%| F|  |TAMS 0x00000000b3800000, 0x00000000b3800000| Untracked 
| 313|0x00000000b3900000, 0x00000000b3900000, 0x00000000b3a00000|  0%| F|  |TAMS 0x00000000b3900000, 0x00000000b3900000| Untracked 
| 314|0x00000000b3a00000, 0x00000000b3a00000, 0x00000000b3b00000|  0%| F|  |TAMS 0x00000000b3a00000, 0x00000000b3a00000| Untracked 
| 315|0x00000000b3b00000, 0x00000000b3b00000, 0x00000000b3c00000|  0%| F|  |TAMS 0x00000000b3b00000, 0x00000000b3b00000| Untracked 
| 316|0x00000000b3c00000, 0x00000000b3c00000, 0x00000000b3d00000|  0%| F|  |TAMS 0x00000000b3c00000, 0x00000000b3c00000| Untracked 
| 317|0x00000000b3d00000, 0x00000000b3d00000, 0x00000000b3e00000|  0%| F|  |TAMS 0x00000000b3d00000, 0x00000000b3d00000| Untracked 
| 318|0x00000000b3e00000, 0x00000000b3ef71c8, 0x00000000b3f00000| 96%| E|  |TAMS 0x00000000b3e00000, 0x00000000b3e00000| Complete 
| 319|0x00000000b3f00000, 0x00000000b4000000, 0x00000000b4000000|100%| E|CS|TAMS 0x00000000b3f00000, 0x00000000b3f00000| Complete 
| 320|0x00000000b4000000, 0x00000000b4100000, 0x00000000b4100000|100%| E|CS|TAMS 0x00000000b4000000, 0x00000000b4000000| Complete 
| 321|0x00000000b4100000, 0x00000000b4200000, 0x00000000b4200000|100%| E|CS|TAMS 0x00000000b4100000, 0x00000000b4100000| Complete 
| 322|0x00000000b4200000, 0x00000000b4300000, 0x00000000b4300000|100%| E|CS|TAMS 0x00000000b4200000, 0x00000000b4200000| Complete 
| 323|0x00000000b4300000, 0x00000000b4400000, 0x00000000b4400000|100%| E|CS|TAMS 0x00000000b4300000, 0x00000000b4300000| Complete 
| 324|0x00000000b4400000, 0x00000000b4500000, 0x00000000b4500000|100%| E|CS|TAMS 0x00000000b4400000, 0x00000000b4400000| Complete 
| 325|0x00000000b4500000, 0x00000000b4600000, 0x00000000b4600000|100%| E|CS|TAMS 0x00000000b4500000, 0x00000000b4500000| Complete 
| 326|0x00000000b4600000, 0x00000000b4700000, 0x00000000b4700000|100%| E|CS|TAMS 0x00000000b4600000, 0x00000000b4600000| Complete 
| 327|0x00000000b4700000, 0x00000000b4800000, 0x00000000b4800000|100%| E|CS|TAMS 0x00000000b4700000, 0x00000000b4700000| Complete 
| 328|0x00000000b4800000, 0x00000000b4900000, 0x00000000b4900000|100%| E|CS|TAMS 0x00000000b4800000, 0x00000000b4800000| Complete 
| 329|0x00000000b4900000, 0x00000000b4a00000, 0x00000000b4a00000|100%| E|CS|TAMS 0x00000000b4900000, 0x00000000b4900000| Complete 
| 330|0x00000000b4a00000, 0x00000000b4b00000, 0x00000000b4b00000|100%| E|CS|TAMS 0x00000000b4a00000, 0x00000000b4a00000| Complete 
| 331|0x00000000b4b00000, 0x00000000b4c00000, 0x00000000b4c00000|100%| E|CS|TAMS 0x00000000b4b00000, 0x00000000b4b00000| Complete 
| 332|0x00000000b4c00000, 0x00000000b4d00000, 0x00000000b4d00000|100%| E|  |TAMS 0x00000000b4c00000, 0x00000000b4c00000| Complete 
| 333|0x00000000b4d00000, 0x00000000b4e00000, 0x00000000b4e00000|100%| E|CS|TAMS 0x00000000b4d00000, 0x00000000b4d00000| Complete 
| 334|0x00000000b4e00000, 0x00000000b4f00000, 0x00000000b4f00000|100%| E|CS|TAMS 0x00000000b4e00000, 0x00000000b4e00000| Complete 
| 335|0x00000000b4f00000, 0x00000000b5000000, 0x00000000b5000000|100%| E|CS|TAMS 0x00000000b4f00000, 0x00000000b4f00000| Complete 
| 336|0x00000000b5000000, 0x00000000b5100000, 0x00000000b5100000|100%| E|CS|TAMS 0x00000000b5000000, 0x00000000b5000000| Complete 
| 337|0x00000000b5100000, 0x00000000b5200000, 0x00000000b5200000|100%| E|CS|TAMS 0x00000000b5100000, 0x00000000b5100000| Complete 

Card table byte_map: [0x0000019ef2320000,0x0000019ef2620000] _byte_map_base: 0x0000019ef1e20000

Marking Bits (Prev, Next): (CMBitMap*) 0x0000019edf6d4b18, (CMBitMap*) 0x0000019edf6d4b50
 Prev Bits: [0x0000019ef2920000, 0x0000019ef4120000)
 Next Bits: [0x0000019ef4120000, 0x0000019ef5920000)

Polling page: 0x0000019edd590000

Metaspace:

Usage:
  Non-class:     79.72 MB capacity,    75.03 MB ( 94%) used,     4.40 MB (  6%) free+waste,   298.50 KB ( <1%) overhead. 
      Class:     13.08 MB capacity,    11.26 MB ( 86%) used,     1.68 MB ( 13%) free+waste,   144.44 KB (  1%) overhead. 
       Both:     92.79 MB capacity,    86.29 MB ( 93%) used,     6.08 MB (  7%) free+waste,   442.94 KB ( <1%) overhead. 

Virtual space:
  Non-class space:       80.00 MB reserved,      79.92 MB (>99%) committed 
      Class space:        1.00 GB reserved,      13.13 MB (  1%) committed 
             Both:        1.08 GB reserved,      93.05 MB (  8%) committed 

Chunk freelists:
   Non-Class:  18.00 KB
       Class:  0 bytes
        Both:  18.00 KB

MaxMetaspaceSize: 17179869184.00 GB
CompressedClassSpaceSize: 1.00 GB

CodeHeap 'non-profiled nmethods': size=120064Kb used=9830Kb max_used=9976Kb free=110233Kb
 bounds [0x0000019eeaae0000, 0x0000019eeb4b0000, 0x0000019ef2020000]
CodeHeap 'profiled nmethods': size=120000Kb used=27031Kb max_used=27716Kb free=92968Kb
 bounds [0x0000019ee35b0000, 0x0000019ee50e0000, 0x0000019eeaae0000]
CodeHeap 'non-nmethods': size=5696Kb used=2266Kb max_used=2342Kb free=3429Kb
 bounds [0x0000019ee3020000, 0x0000019ee3290000, 0x0000019ee35b0000]
 total_blobs=14228 nmethods=13371 adapters=767
 compilation: enabled
              stopped_count=0, restarted_count=0
 full_count=0

Compilation events (20 events):
Event: 140.839 Thread 0x0000019efcf6c800 nmethod 15630 0x0000019eeb49dd90 code [0x0000019eeb49df40, 0x0000019eeb49e508]
Event: 140.839 Thread 0x0000019efcf6c800 15632       4       java.lang.System::getProperty (25 bytes)
Event: 140.861 Thread 0x0000019ef8759000 15636       3       org.gradle.api.internal.artifacts.JavaEcosystemSupport$UsageCompatibilityRules::execute (9 bytes)
Event: 140.861 Thread 0x0000019ef8759000 nmethod 15636 0x0000019ee45aa510 code [0x0000019ee45aa6e0, 0x0000019ee45aa928]
Event: 140.861 Thread 0x0000019ef8759000 15637       3       org.gradle.api.internal.artifacts.JavaEcosystemSupport$UsageCompatibilityRules::execute (84 bytes)
Event: 140.862 Thread 0x0000019efcf6c800 nmethod 15632 0x0000019eeb49e790 code [0x0000019eeb49e980, 0x0000019eeb49f2c8]
Event: 140.862 Thread 0x0000019efcf6c800 15635       4       java.util.Collections::reverseOrder (54 bytes)
Event: 140.862 Thread 0x0000019ef8759000 nmethod 15637 0x0000019ee45c3f90 code [0x0000019ee45c4200, 0x0000019ee45c4ad8]
Event: 140.865 Thread 0x0000019efcf6c800 nmethod 15635 0x0000019eeb49f910 code [0x0000019eeb49fac0, 0x0000019eeb49fc58]
Event: 140.865 Thread 0x0000019efcf6c800 15634       4       com.google.common.collect.AbstractIterator::hasNext (65 bytes)
Event: 140.885 Thread 0x0000019efcf6c800 nmethod 15634 0x0000019eeb49fd90 code [0x0000019eeb49ffa0, 0x0000019eeb4a0908]
Event: 140.885 Thread 0x0000019efcf6c800 15639       4       org.gradle.api.internal.artifacts.ivyservice.resolveengine.graph.builder.DependencyState::<init> (34 bytes)
Event: 140.888 Thread 0x0000019ef8759000 15640       3       org.gradle.api.internal.artifacts.ivyservice.resolveengine.graph.builder.ComponentState::addCause (12 bytes)
Event: 140.888 Thread 0x0000019ef8759000 nmethod 15640 0x0000019ee45ab290 code [0x0000019ee45ab440, 0x0000019ee45ab608]
Event: 140.905 Thread 0x0000019efcf6c800 nmethod 15639 0x0000019eeaf2f410 code [0x0000019eeaf2f5c0, 0x0000019eeaf2fd38]
Event: 140.905 Thread 0x0000019efcf6c800 15638       4       org.gradle.internal.component.local.model.DslOriginDependencyMetadataWrapper::isEndorsingStrictVersions (10 bytes)
Event: 140.905 Thread 0x0000019efcf6c800 nmethod 15638 0x0000019eeab8fd90 code [0x0000019eeab8ff20, 0x0000019eeab8ffb8]
Event: 140.907 Thread 0x0000019efcf6c800 15641       4       org.gradle.api.internal.artifacts.ivyservice.ivyresolve.CachingModuleComponentRepository$LocateInCacheRepositoryAccess::getProcessedMetadata (41 bytes)
Event: 140.907 Thread 0x0000019ef8759000 15642       3       java.util.concurrent.ConcurrentHashMap::size (31 bytes)
Event: 140.907 Thread 0x0000019ef8759000 nmethod 15642 0x0000019ee35ec710 code [0x0000019ee35ec8e0, 0x0000019ee35ecae8]

GC Heap History (20 events):
Event: 50.103 GC heap before
{Heap before GC invocations=97 (full 0):
 garbage-first heap   total 294912K, used 235857K [0x00000000a0000000, 0x0000000100000000)
  region size 1024K, 33 young (33792K), 5 survivors (5120K)
 Metaspace       used 85805K, capacity 92213K, committed 92464K, reserved 1128448K
  class space    used 11293K, capacity 13103K, committed 13184K, reserved 1048576K
}
Event: 50.131 GC heap after
{Heap after GC invocations=98 (full 0):
 garbage-first heap   total 294912K, used 213364K [0x00000000a0000000, 0x0000000100000000)
  region size 1024K, 5 young (5120K), 5 survivors (5120K)
 Metaspace       used 85805K, capacity 92213K, committed 92464K, reserved 1128448K
  class space    used 11293K, capacity 13103K, committed 13184K, reserved 1048576K
}
Event: 51.173 GC heap before
{Heap before GC invocations=98 (full 0):
 garbage-first heap   total 294912K, used 239988K [0x00000000a0000000, 0x0000000100000000)
  region size 1024K, 32 young (32768K), 5 survivors (5120K)
 Metaspace       used 86169K, capacity 92634K, committed 92720K, reserved 1128448K
  class space    used 11323K, capacity 13131K, committed 13184K, reserved 1048576K
}
Event: 51.198 GC heap after
{Heap after GC invocations=99 (full 0):
 garbage-first heap   total 346112K, used 219007K [0x00000000a0000000, 0x0000000100000000)
  region size 1024K, 4 young (4096K), 4 survivors (4096K)
 Metaspace       used 86169K, capacity 92634K, committed 92720K, reserved 1128448K
  class space    used 11323K, capacity 13131K, committed 13184K, reserved 1048576K
}
Event: 52.759 GC heap before
{Heap before GC invocations=100 (full 0):
 garbage-first heap   total 346112K, used 266111K [0x00000000a0000000, 0x0000000100000000)
  region size 1024K, 44 young (45056K), 4 survivors (4096K)
 Metaspace       used 86255K, capacity 92779K, committed 92976K, reserved 1128448K
  class space    used 11327K, capacity 13134K, committed 13184K, reserved 1048576K
}
Event: 52.776 GC heap after
{Heap after GC invocations=101 (full 0):
 garbage-first heap   total 346112K, used 225114K [0x00000000a0000000, 0x0000000100000000)
  region size 1024K, 6 young (6144K), 6 survivors (6144K)
 Metaspace       used 86255K, capacity 92779K, committed 92976K, reserved 1128448K
  class space    used 11327K, capacity 13134K, committed 13184K, reserved 1048576K
}
Event: 53.136 GC heap before
{Heap before GC invocations=101 (full 0):
 garbage-first heap   total 346112K, used 234330K [0x00000000a0000000, 0x0000000100000000)
  region size 1024K, 16 young (16384K), 6 survivors (6144K)
 Metaspace       used 86262K, capacity 92779K, committed 92976K, reserved 1128448K
  class space    used 11327K, capacity 13134K, committed 13184K, reserved 1048576K
}
Event: 53.146 GC heap after
{Heap after GC invocations=102 (full 0):
 garbage-first heap   total 346112K, used 224871K [0x00000000a0000000, 0x0000000100000000)
  region size 1024K, 2 young (2048K), 2 survivors (2048K)
 Metaspace       used 86262K, capacity 92779K, committed 92976K, reserved 1128448K
  class space    used 11327K, capacity 13134K, committed 13184K, reserved 1048576K
}
Event: 55.028 GC heap before
{Heap before GC invocations=102 (full 0):
 garbage-first heap   total 346112K, used 272999K [0x00000000a0000000, 0x0000000100000000)
  region size 1024K, 49 young (50176K), 2 survivors (2048K)
 Metaspace       used 86264K, capacity 92779K, committed 92976K, reserved 1128448K
  class space    used 11327K, capacity 13134K, committed 13184K, reserved 1048576K
}
Event: 55.035 GC heap after
{Heap after GC invocations=103 (full 0):
 garbage-first heap   total 346112K, used 226333K [0x00000000a0000000, 0x0000000100000000)
  region size 1024K, 4 young (4096K), 4 survivors (4096K)
 Metaspace       used 86264K, capacity 92779K, committed 92976K, reserved 1128448K
  class space    used 11327K, capacity 13134K, committed 13184K, reserved 1048576K
}
Event: 132.463 GC heap before
{Heap before GC invocations=104 (full 0):
 garbage-first heap   total 346112K, used 286749K [0x00000000a0000000, 0x0000000100000000)
  region size 1024K, 56 young (57344K), 4 survivors (4096K)
 Metaspace       used 87155K, capacity 93771K, committed 93872K, reserved 1130496K
  class space    used 11451K, capacity 13306K, committed 13312K, reserved 1048576K
}
Event: 132.535 GC heap after
{Heap after GC invocations=105 (full 0):
 garbage-first heap   total 346112K, used 229120K [0x00000000a0000000, 0x0000000100000000)
  region size 1024K, 7 young (7168K), 7 survivors (7168K)
 Metaspace       used 87155K, capacity 93771K, committed 93872K, reserved 1130496K
  class space    used 11451K, capacity 13306K, committed 13312K, reserved 1048576K
}
Event: 132.718 GC heap before
{Heap before GC invocations=105 (full 0):
 garbage-first heap   total 346112K, used 237312K [0x00000000a0000000, 0x0000000100000000)
  region size 1024K, 16 young (16384K), 7 survivors (7168K)
 Metaspace       used 87178K, capacity 93773K, committed 93872K, reserved 1130496K
  class space    used 11451K, capacity 13306K, committed 13312K, reserved 1048576K
}
Event: 132.764 GC heap after
{Heap after GC invocations=106 (full 0):
 garbage-first heap   total 346112K, used 227386K [0x00000000a0000000, 0x0000000100000000)
  region size 1024K, 2 young (2048K), 2 survivors (2048K)
 Metaspace       used 87178K, capacity 93773K, committed 93872K, reserved 1130496K
  class space    used 11451K, capacity 13306K, committed 13312K, reserved 1048576K
}
Event: 134.744 GC heap before
{Heap before GC invocations=106 (full 0):
 garbage-first heap   total 346112K, used 285754K [0x00000000a0000000, 0x0000000100000000)
  region size 1024K, 60 young (61440K), 2 survivors (2048K)
 Metaspace       used 87464K, capacity 94081K, committed 94128K, reserved 1130496K
  class space    used 11458K, capacity 13310K, committed 13312K, reserved 1048576K
}
Event: 134.757 GC heap after
{Heap after GC invocations=107 (full 0):
 garbage-first heap   total 346112K, used 230553K [0x00000000a0000000, 0x0000000100000000)
  region size 1024K, 5 young (5120K), 5 survivors (5120K)
 Metaspace       used 87464K, capacity 94081K, committed 94128K, reserved 1130496K
  class space    used 11458K, capacity 13310K, committed 13312K, reserved 1048576K
}
Event: 139.148 GC heap before
{Heap before GC invocations=107 (full 0):
 garbage-first heap   total 346112K, used 287897K [0x00000000a0000000, 0x0000000100000000)
  region size 1024K, 62 young (63488K), 5 survivors (5120K)
 Metaspace       used 88156K, capacity 94728K, committed 95024K, reserved 1130496K
  class space    used 11524K, capacity 13383K, committed 13440K, reserved 1048576K
}
Event: 139.183 GC heap after
{Heap after GC invocations=108 (full 0):
 garbage-first heap   total 346112K, used 234949K [0x00000000a0000000, 0x0000000100000000)
  region size 1024K, 8 young (8192K), 8 survivors (8192K)
 Metaspace       used 88156K, capacity 94728K, committed 95024K, reserved 1130496K
  class space    used 11524K, capacity 13383K, committed 13440K, reserved 1048576K
}
Event: 140.391 GC heap before
{Heap before GC invocations=108 (full 0):
 garbage-first heap   total 346112K, used 290245K [0x00000000a0000000, 0x0000000100000000)
  region size 1024K, 63 young (64512K), 8 survivors (8192K)
 Metaspace       used 88298K, capacity 94875K, committed 95024K, reserved 1130496K
  class space    used 11526K, capacity 13385K, committed 13440K, reserved 1048576K
}
Event: 140.441 GC heap after
{Heap after GC invocations=109 (full 0):
 garbage-first heap   total 346112K, used 241285K [0x00000000a0000000, 0x0000000100000000)
  region size 1024K, 7 young (7168K), 7 survivors (7168K)
 Metaspace       used 88298K, capacity 94875K, committed 95024K, reserved 1130496K
  class space    used 11526K, capacity 13385K, committed 13440K, reserved 1048576K
}

Deoptimization events (20 events):
Event: 140.052 Thread 0x0000019efd212000 Uncommon trap: trap_request=0xffffff4d fr.pc=0x0000019eeb10efec relative=0x000000000000058c
Event: 140.052 Thread 0x0000019efd212000 Uncommon trap: reason=unstable_if action=reinterpret pc=0x0000019eeb10efec method=com.google.common.collect.ImmutableSet$Builder.addAll(Ljava/lang/Iterable;)Lcom/google/common/collect/ImmutableSet$Builder; @ 9 c2
Event: 140.052 Thread 0x0000019efd212000 DEOPT PACKING pc=0x0000019eeb10efec sp=0x0000001fb32fa9c0
Event: 140.052 Thread 0x0000019efd212000 DEOPT UNPACKING pc=0x0000019ee304742f sp=0x0000001fb32fa9c0 mode 2
Event: 140.056 Thread 0x0000019efd212000 Uncommon trap: trap_request=0xffffffde fr.pc=0x0000019eeb285440 relative=0x00000000000008e0
Event: 140.056 Thread 0x0000019efd212000 Uncommon trap: reason=class_check action=maybe_recompile pc=0x0000019eeb285440 method=org.gradle.api.internal.artifacts.ivyservice.resolveengine.graph.builder.NodeState.getResolvedVariant()Lorg/gradle/api/artifacts/result/ResolvedVariantResult; @ 34 c2
Event: 140.056 Thread 0x0000019efd212000 DEOPT PACKING pc=0x0000019eeb285440 sp=0x0000001fb32fae50
Event: 140.056 Thread 0x0000019efd212000 DEOPT UNPACKING pc=0x0000019ee304742f sp=0x0000001fb32fae18 mode 2
Event: 140.082 Thread 0x0000019efd212000 DEOPT PACKING pc=0x0000019ee365078d sp=0x0000001fb32fbc20
Event: 140.082 Thread 0x0000019efd212000 DEOPT UNPACKING pc=0x0000019ee304724e sp=0x0000001fb32fb0b8 mode 0
Event: 140.086 Thread 0x0000019efd212000 DEOPT PACKING pc=0x0000019ee365078d sp=0x0000001fb32fbc20
Event: 140.086 Thread 0x0000019efd212000 DEOPT UNPACKING pc=0x0000019ee304724e sp=0x0000001fb32fb0b8 mode 0
Event: 140.214 Thread 0x0000019efd212000 DEOPT PACKING pc=0x0000019ee47f806e sp=0x0000001fb32fb820
Event: 140.214 Thread 0x0000019efd212000 DEOPT UNPACKING pc=0x0000019ee304724e sp=0x0000001fb32fad40 mode 0
Event: 140.604 Thread 0x0000019efcf69800 DEOPT PACKING pc=0x0000019ee40a499c sp=0x0000001fab7fd030
Event: 140.604 Thread 0x0000019efcf69800 DEOPT UNPACKING pc=0x0000019ee304724e sp=0x0000001fab7fc5d0 mode 0
Event: 140.860 Thread 0x0000019efd213000 Uncommon trap: trap_request=0xffffffbe fr.pc=0x0000019eeb4912fc relative=0x000000000000937c
Event: 140.860 Thread 0x0000019efd213000 Uncommon trap: reason=profile_predicate action=maybe_recompile pc=0x0000019eeb4912fc method=org.gradle.api.internal.artifacts.ivyservice.resolveengine.ComponentResolversChain$DependencyToComponentIdResolverChain.resolve(Lorg/gradle/internal/component/mode
Event: 140.860 Thread 0x0000019efd213000 DEOPT PACKING pc=0x0000019eeb4912fc sp=0x0000001fb33fb440
Event: 140.860 Thread 0x0000019efd213000 DEOPT UNPACKING pc=0x0000019ee304742f sp=0x0000001fb33fb0c8 mode 2

Classes redefined (0 events):
No events

Internal exceptions (20 events):
Event: 55.563 Thread 0x0000019efd212000 Exception <a 'java/lang/ClassNotFoundException'{0x00000000b3f4df08}: org/gradle/process/internal/DefaultExecHandleBuilderBeanInfo> (0x00000000b3f4df08) thrown at [./src/hotspot/share/classfile/systemDictionary.cpp, line 231]
Event: 55.564 Thread 0x0000019efd212000 Exception <a 'java/lang/ClassNotFoundException'{0x00000000b3f73068}: org/gradle/process/internal/AbstractExecHandleBuilderBeanInfo> (0x00000000b3f73068) thrown at [./src/hotspot/share/classfile/systemDictionary.cpp, line 231]
Event: 55.565 Thread 0x0000019efd212000 Exception <a 'java/lang/ClassNotFoundException'{0x00000000b3f981e8}: org/gradle/process/internal/DefaultProcessForkOptionsBeanInfo> (0x00000000b3f981e8) thrown at [./src/hotspot/share/classfile/systemDictionary.cpp, line 231]
Event: 55.566 Thread 0x0000019efd212000 Exception <a 'java/lang/ClassNotFoundException'{0x00000000b3fbd498}: org/gradle/process/internal/DefaultProcessForkOptionsCustomizer> (0x00000000b3fbd498) thrown at [./src/hotspot/share/classfile/systemDictionary.cpp, line 231]
Event: 55.570 Thread 0x0000019efd212000 Exception <a 'java/lang/ClassNotFoundException'{0x00000000b3fee8a0}: org/gradle/process/internal/AbstractExecHandleBuilderCustomizer> (0x00000000b3fee8a0) thrown at [./src/hotspot/share/classfile/systemDictionary.cpp, line 231]
Event: 55.572 Thread 0x0000019efd212000 Exception <a 'java/lang/ClassNotFoundException'{0x00000000b3e25b20}: org/gradle/process/internal/DefaultExecHandleBuilderCustomizer> (0x00000000b3e25b20) thrown at [./src/hotspot/share/classfile/systemDictionary.cpp, line 231]
Event: 55.574 Thread 0x0000019efd212000 Exception <a 'java/lang/ClassNotFoundException'{0x00000000b3e75368}: org/gradle/process/internal/DefaultExecActionCustomizer> (0x00000000b3e75368) thrown at [./src/hotspot/share/classfile/systemDictionary.cpp, line 231]
Event: 55.576 Thread 0x0000019efd212000 Exception <a 'java/lang/ClassNotFoundException'{0x00000000b3ea3478}: org/gradle/process/internal/DefaultExecAction_DecoratedCustomizer> (0x00000000b3ea3478) thrown at [./src/hotspot/share/classfile/systemDictionary.cpp, line 231]
Event: 55.580 Thread 0x0000019efd212000 Exception <a 'java/lang/ClassNotFoundException'{0x00000000b3ee9350}: org/gradle/api/logging/LogLevelBeanInfo> (0x00000000b3ee9350) thrown at [./src/hotspot/share/classfile/systemDictionary.cpp, line 231]
Event: 55.581 Thread 0x0000019efd212000 Exception <a 'java/lang/ClassNotFoundException'{0x00000000b3d073a0}: org/gradle/api/logging/LogLevelCustomizer> (0x00000000b3d073a0) thrown at [./src/hotspot/share/classfile/systemDictionary.cpp, line 231]
Event: 55.587 Thread 0x0000019efd212000 Exception <a 'java/lang/ClassNotFoundException'{0x00000000b3d59398}: org/gradle/internal/logging/compatbridge/LoggingManagerInternalCompatibilityBridgeBeanInfo> (0x00000000b3d59398) thrown at [./src/hotspot/share/classfile/systemDictionary.cpp, line 231]
Event: 55.588 Thread 0x0000019efd212000 Exception <a 'java/lang/ClassNotFoundException'{0x00000000b3d84ab0}: org/gradle/internal/logging/compatbridge/LoggingManagerInternalCompatibilityBridgeCustomizer> (0x00000000b3d84ab0) thrown at [./src/hotspot/share/classfile/systemDictionary.cpp, line 231]
Event: 55.631 Thread 0x0000019efd20f000 Exception <a 'java/lang/NoSuchMethodError'{0x00000000b3c0a378}: 'void java.lang.invoke.DirectMethodHandle$Holder.invokeStatic(java.lang.Object, long)'> (0x00000000b3c0a378) thrown at [./src/hotspot/share/interpreter/linkResolver.cpp, line 773]
Event: 55.632 Thread 0x0000019efd20f000 Exception <a 'java/lang/NoSuchMethodError'{0x00000000b3c0f590}: 'java.lang.Object java.lang.invoke.DirectMethodHandle$Holder.invokeStatic(java.lang.Object, long)'> (0x00000000b3c0f590) thrown at [./src/hotspot/share/interpreter/linkResolver.cpp, line 773]
Event: 55.635 Thread 0x0000019efd20f000 Exception <a 'java/lang/NoSuchMethodError'{0x00000000b3c1d608}: 'java.lang.Object java.lang.invoke.DirectMethodHandle$Holder.invokeStaticInit(java.lang.Object, java.lang.Object, long, java.lang.Object)'> (0x00000000b3c1d608) thrown at [./src/hotspot/share/interpreter/linkResolver.cpp, line 773]
Event: 55.635 Thread 0x0000019efd20f000 Exception <a 'java/lang/NoSuchMethodError'{0x00000000b3c23aa0}: 'java.lang.Object java.lang.invoke.DirectMethodHandle$Holder.invokeStatic(java.lang.Object, java.lang.Object, long)'> (0x00000000b3c23aa0) thrown at [./src/hotspot/share/interpreter/linkResolver.cpp, line 773]
Event: 55.636 Thread 0x0000019efd20f000 Exception <a 'java/lang/NoSuchMethodError'{0x00000000b3c29d70}: 'java.lang.Object java.lang.invoke.Invokers$Holder.linkToTargetMethod(java.lang.Object, long, java.lang.Object)'> (0x00000000b3c29d70) thrown at [./src/hotspot/share/interpreter/linkResolver.cpp, line 773]
Event: 133.486 Thread 0x0000019efcf6c000 Implicit null exception at 0x0000019eeae09a2b to 0x0000019eeae09c60
Event: 140.011 Thread 0x0000019efd212000 Implicit null exception at 0x0000019eeb158770 to 0x0000019eeb15993c
Event: 140.860 Thread 0x0000019efd213000 Implicit null exception at 0x0000019eeb489b64 to 0x0000019eeb491268

Events (20 events):
Event: 140.916 Thread 0x0000019ef875a000 flushing nmethod 0x0000019ee5053290
Event: 140.916 Thread 0x0000019ef875a000 flushing nmethod 0x0000019ee5054110
Event: 140.916 Thread 0x0000019ef875a000 flushing nmethod 0x0000019ee5056090
Event: 140.916 Thread 0x0000019ef875a000 flushing nmethod 0x0000019ee5056b90
Event: 140.916 Thread 0x0000019ef875a000 flushing nmethod 0x0000019ee5057190
Event: 140.916 Thread 0x0000019ef875a000 flushing nmethod 0x0000019ee5057610
Event: 140.916 Thread 0x0000019ef875a000 flushing nmethod 0x0000019ee5057b10
Event: 140.916 Thread 0x0000019ef875a000 flushing nmethod 0x0000019ee5057e90
Event: 140.916 Thread 0x0000019ef875a000 flushing nmethod 0x0000019ee5058210
Event: 140.916 Thread 0x0000019ef875a000 flushing nmethod 0x0000019ee5058590
Event: 140.916 Thread 0x0000019ef875a000 flushing nmethod 0x0000019ee5058b10
Event: 140.916 Thread 0x0000019ef875a000 flushing nmethod 0x0000019ee5058e90
Event: 140.916 Thread 0x0000019ef875a000 flushing nmethod 0x0000019ee5059390
Event: 140.916 Thread 0x0000019ef875a000 flushing nmethod 0x0000019ee5059a10
Event: 140.916 Thread 0x0000019ef875a000 flushing nmethod 0x0000019ee5059d90
Event: 140.916 Thread 0x0000019ef875a000 flushing nmethod 0x0000019ee505a410
Event: 140.916 Thread 0x0000019ef875a000 flushing nmethod 0x0000019ee505ab90
Event: 140.916 Thread 0x0000019ef875a000 flushing nmethod 0x0000019ee505b210
Event: 140.916 Thread 0x0000019ef875a000 flushing nmethod 0x0000019ee5067d10
Event: 140.920 Executing VM operation: RevokeBias


Dynamic libraries:
0x00007ff7dd480000 - 0x00007ff7dd48a000 	C:\Program Files\Android\Android Studio\jre\bin\java.exe
0x00007ffb4ae30000 - 0x00007ffb4b025000 	C:\WINDOWS\SYSTEM32\ntdll.dll
0x00007ffb4a300000 - 0x00007ffb4a3be000 	C:\WINDOWS\System32\KERNEL32.DLL
0x00007ffb48550000 - 0x00007ffb48819000 	C:\WINDOWS\System32\KERNELBASE.dll
0x00007ffb48b10000 - 0x00007ffb48c10000 	C:\WINDOWS\System32\ucrtbase.dll
0x00007ffb44060000 - 0x00007ffb44079000 	C:\Program Files\Android\Android Studio\jre\bin\jli.dll
0x00007ffb4a810000 - 0x00007ffb4a9b1000 	C:\WINDOWS\System32\USER32.dll
0x00007ffb48960000 - 0x00007ffb48982000 	C:\WINDOWS\System32\win32u.dll
0x00007ffb49af0000 - 0x00007ffb49b1b000 	C:\WINDOWS\System32\GDI32.dll
0x00007ffb48c10000 - 0x00007ffb48d1b000 	C:\WINDOWS\System32\gdi32full.dll
0x00007ffb48990000 - 0x00007ffb48a2d000 	C:\WINDOWS\System32\msvcp_win.dll
0x00007ffb44040000 - 0x00007ffb44057000 	C:\Program Files\Android\Android Studio\jre\bin\VCRUNTIME140.dll
0x00007ffb418c0000 - 0x00007ffb41b5a000 	C:\WINDOWS\WinSxS\amd64_microsoft.windows.common-controls_6595b64144ccf1df_6.0.19041.1110_none_60b5254171f9507e\COMCTL32.dll
0x00007ffb49440000 - 0x00007ffb494de000 	C:\WINDOWS\System32\msvcrt.dll
0x00007ffb49410000 - 0x00007ffb49440000 	C:\WINDOWS\System32\IMM32.DLL
0x00007ffaeb760000 - 0x00007ffaeb7fd000 	C:\Program Files\Android\Android Studio\jre\bin\msvcp140.dll
0x00007ffaea980000 - 0x00007ffaeb43c000 	C:\Program Files\Android\Android Studio\jre\bin\server\jvm.dll
0x00007ffb49360000 - 0x00007ffb4940c000 	C:\WINDOWS\System32\ADVAPI32.dll
0x00007ffb49b20000 - 0x00007ffb49bbb000 	C:\WINDOWS\System32\sechost.dll
0x00007ffb497f0000 - 0x00007ffb4991a000 	C:\WINDOWS\System32\RPCRT4.dll
0x00007ffb4add0000 - 0x00007ffb4add8000 	C:\WINDOWS\System32\PSAPI.DLL
0x00007ffb43ff0000 - 0x00007ffb43ff9000 	C:\WINDOWS\SYSTEM32\WSOCK32.dll
0x00007ffb499b0000 - 0x00007ffb49a1b000 	C:\WINDOWS\System32\WS2_32.dll
0x00007ffb42bc0000 - 0x00007ffb42be7000 	C:\WINDOWS\SYSTEM32\WINMM.dll
0x00007ffb3a870000 - 0x00007ffb3a87a000 	C:\WINDOWS\SYSTEM32\VERSION.dll
0x00007ffb46450000 - 0x00007ffb46462000 	C:\WINDOWS\SYSTEM32\kernel.appcore.dll
0x00007ffb439b0000 - 0x00007ffb439c1000 	C:\Program Files\Android\Android Studio\jre\bin\verify.dll
0x00007ffb36ad0000 - 0x00007ffb36cb4000 	C:\WINDOWS\SYSTEM32\DBGHELP.DLL
0x00007ffb368d0000 - 0x00007ffb368fc000 	C:\WINDOWS\SYSTEM32\dbgcore.DLL
0x00007ffb488d0000 - 0x00007ffb48953000 	C:\WINDOWS\System32\bcryptPrimitives.dll
0x00007ffb43980000 - 0x00007ffb439a9000 	C:\Program Files\Android\Android Studio\jre\bin\java.dll
0x00007ffb433a0000 - 0x00007ffb433ab000 	C:\Program Files\Android\Android Studio\jre\bin\jimage.dll
0x00007ffb43380000 - 0x00007ffb43398000 	C:\Program Files\Android\Android Studio\jre\bin\zip.dll
0x00007ffb49bc0000 - 0x00007ffb4a2ff000 	C:\WINDOWS\System32\SHELL32.dll
0x00007ffb46650000 - 0x00007ffb46de0000 	C:\WINDOWS\SYSTEM32\windows.storage.dll
0x00007ffb4a4a0000 - 0x00007ffb4a7f5000 	C:\WINDOWS\System32\combase.dll
0x00007ffb47ed0000 - 0x00007ffb47efc000 	C:\WINDOWS\SYSTEM32\Wldp.dll
0x00007ffb49740000 - 0x00007ffb497ee000 	C:\WINDOWS\System32\SHCORE.dll
0x00007ffb4a3c0000 - 0x00007ffb4a415000 	C:\WINDOWS\System32\shlwapi.dll
0x00007ffb48490000 - 0x00007ffb484af000 	C:\WINDOWS\SYSTEM32\profapi.dll
0x00007ffb43360000 - 0x00007ffb4337a000 	C:\Program Files\Android\Android Studio\jre\bin\net.dll
0x00007ffb3b920000 - 0x00007ffb3ba28000 	C:\WINDOWS\SYSTEM32\WINHTTP.dll
0x00007ffb47c30000 - 0x00007ffb47c9a000 	C:\WINDOWS\system32\mswsock.dll
0x00007ffb43340000 - 0x00007ffb43354000 	C:\Program Files\Android\Android Studio\jre\bin\nio.dll
0x00007ffb41ee0000 - 0x00007ffb41f07000 	C:\Users\Muzahid\.gradle\native\f6784746aeab05261644944871eae4fe03e0ef1612fff0a4a95f87b438bc6780\windows-amd64\native-platform.dll
0x00007ffb43330000 - 0x00007ffb4333a000 	C:\Program Files\Android\Android Studio\jre\bin\management.dll
0x00007ffb43320000 - 0x00007ffb4332c000 	C:\Program Files\Android\Android Studio\jre\bin\management_ext.dll
0x00007ffb47e20000 - 0x00007ffb47e38000 	C:\WINDOWS\SYSTEM32\CRYPTSP.dll
0x00007ffb475b0000 - 0x00007ffb475e4000 	C:\WINDOWS\system32\rsaenh.dll
0x00007ffb48ae0000 - 0x00007ffb48b07000 	C:\WINDOWS\System32\bcrypt.dll
0x00007ffb48400000 - 0x00007ffb4842e000 	C:\WINDOWS\SYSTEM32\USERENV.dll
0x00007ffb47e40000 - 0x00007ffb47e4c000 	C:\WINDOWS\SYSTEM32\CRYPTBASE.dll
0x00007ffb47920000 - 0x00007ffb4795b000 	C:\WINDOWS\SYSTEM32\IPHLPAPI.DLL
0x00007ffb4ade0000 - 0x00007ffb4ade8000 	C:\WINDOWS\System32\NSI.dll
0x00007ffb3dd30000 - 0x00007ffb3dd47000 	C:\WINDOWS\SYSTEM32\dhcpcsvc6.DLL
0x00007ffb3f990000 - 0x00007ffb3f9ad000 	C:\WINDOWS\SYSTEM32\dhcpcsvc.DLL
0x00007ffb47960000 - 0x00007ffb47a2c000 	C:\WINDOWS\SYSTEM32\DNSAPI.dll
0x00007ffb41770000 - 0x00007ffb4177b000 	C:\WINDOWS\SYSTEM32\WINNSI.DLL

dbghelp: loaded successfully - version: 4.0.5 - missing functions: none
symbol engine: initialized successfully - sym options: 0x614 - pdb path: .;C:\Program Files\Android\Android Studio\jre\bin;C:\WINDOWS\SYSTEM32;C:\WINDOWS\WinSxS\amd64_microsoft.windows.common-controls_6595b64144ccf1df_6.0.19041.1110_none_60b5254171f9507e;C:\Program Files\Android\Android Studio\jre\bin\server;C:\Users\Muzahid\.gradle\native\f6784746aeab05261644944871eae4fe03e0ef1612fff0a4a95f87b438bc6780\windows-amd64

VM Arguments:
jvm_args: --add-opens=java.base/java.util=ALL-UNNAMED --add-opens=java.base/java.lang=ALL-UNNAMED --add-opens=java.base/java.lang.invoke=ALL-UNNAMED --add-opens=java.prefs/java.util.prefs=ALL-UNNAMED -Xmx1536M -Dfile.encoding=windows-1252 -Duser.country=US -Duser.language=en -Duser.variant 
java_command: org.gradle.launcher.daemon.bootstrap.GradleDaemon 6.5
java_class_path (initial): C:\Users\Muzahid\.gradle\wrapper\dists\gradle-6.5-all\2oz4ud9k3tuxjg84bbf55q0tn\gradle-6.5\lib\gradle-launcher-6.5.jar
Launcher Type: SUN_STANDARD

[Global flags]
     intx CICompilerCount                          = 3                                         {product} {ergonomic}
     uint ConcGCThreads                            = 1                                         {product} {ergonomic}
     uint G1ConcRefinementThreads                  = 4                                         {product} {ergonomic}
   size_t G1HeapRegionSize                         = 1048576                                   {product} {ergonomic}
    uintx GCDrainStackTargetSize                   = 64                                        {product} {ergonomic}
   size_t InitialHeapSize                          = 67108864                                  {product} {ergonomic}
   size_t MarkStackSize                            = 4194304                                   {product} {ergonomic}
   size_t MaxHeapSize                              = 1610612736                                {product} {command line}
   size_t MaxNewSize                               = 965738496                                 {product} {ergonomic}
   size_t MinHeapDeltaBytes                        = 1048576                                   {product} {ergonomic}
    uintx NonNMethodCodeHeapSize                   = 5830732                                {pd product} {ergonomic}
    uintx NonProfiledCodeHeapSize                  = 122913754                              {pd product} {ergonomic}
    uintx ProfiledCodeHeapSize                     = 122913754                              {pd product} {ergonomic}
    uintx ReservedCodeCacheSize                    = 251658240                              {pd product} {ergonomic}
     bool SegmentedCodeCache                       = true                                      {product} {ergonomic}
     bool UseCompressedClassPointers               = true                                 {lp64_product} {ergonomic}
     bool UseCompressedOops                        = true                                 {lp64_product} {ergonomic}
     bool UseG1GC                                  = true                                      {product} {ergonomic}
     bool UseLargePagesIndividualAllocation        = false                                  {pd product} {ergonomic}

Logging:
Log output configuration:
 #0: stdout all=warning uptime,level,tags
 #1: stderr all=off uptime,level,tags

Environment Variables:
JAVA_HOME=C:\Program Files\Android\Android Studio\jre
CLASSPATH=C:\Users\Muzahid\Desktop\Ekottro Parcel\android\\gradle\wrapper\gradle-wrapper.jar
PATH=C:\Program Files\Common Files\Oracle\Java\javapath;C:\WINDOWS\system32;C:\WINDOWS;C:\WINDOWS\System32\Wbem;C:\WINDOWS\System32\WindowsPowerShell\v1.0\;C:\flutter_windows_2.0.6-stable\flutter\bin;C:\Program Files\Git\cmd;C:\Program Files\Git LFS;C:\WINDOWS\System32\OpenSSH\;C:\Users\Muzahid\AppData\Local\Microsoft\WindowsApps;C:\Users\Muzahid\AppData\Local\Programs\Microsoft VS Code\bin;C:\Program Files\Android\Android Studio\bin;C:\Users\Muzahid\AppData\Local\Android\Sdk\tools\bin;;C:\flutter_windows_2.0.6-stable\flutter\bin\mingit\cmd
USERNAME=Muzahid
OS=Windows_NT
PROCESSOR_IDENTIFIER=Intel64 Family 6 Model 58 Stepping 9, GenuineIntel



---------------  S Y S T E M  ---------------

OS: Windows 10 , 64 bit Build 19041 (10.0.19041.1202)
OS uptime: 0 days 21:45 hours

CPU:total 4 (initial active 4) (2 cores per cpu, 2 threads per core) family 6 model 58 stepping 9, cmov, cx8, fxsr, mmx, sse, sse2, sse3, ssse3, sse4.1, sse4.2, popcnt, avx, aes, clmul, erms, ht, tsc, tscinvbit, tscinv

Memory: 4k page, system-wide physical 3985M (577M free)
TotalPageFile size 10129M (AvailPageFile size 2795M)
current process WorkingSet (physical memory assigned to process): 373M, peak: 622M
current process commit charge ("private bytes"): 670M, peak: 681M

vm_info: OpenJDK 64-Bit Server VM (11.0.8+10-b944.6842174) for windows-amd64 JRE (11.0.8+10-b944.6842174), built on Sep 19 2020 01:11:42 by "builder" with MS VC++ 14.0 (VS2015)

END.
